\BOOKMARK [1][-]{section.1}{\376\377\000A\000l\000g\000e\000b\000r\000a\000i\000c\000\040\000C\000u\000r\000v\000e\000s\000\040\000i\000n\000\040\000C\000l\000a\000s\000s\000i\000c\000a\000l\000\040\000A\000l\000g\000e\000b\000r\000a\000i\000c\000\040\000G\000e\000o\000m\000e\000t\000r\000y}{}% 1
\BOOKMARK [2][-]{subsection.1.1}{\376\377\000B\000a\000s\000i\000c\000\040\000P\000r\000o\000p\000e\000r\000t\000i\000e\000s\000\040\000o\000f\000\040\000C\000u\000r\000v\000e\000s}{section.1}% 2
\BOOKMARK [2][-]{subsection.1.2}{\376\377\000M\000o\000r\000p\000h\000i\000s\000m\000s\000\040\000b\000e\000t\000w\000e\000e\000n\000\040\000C\000u\000r\000v\000e\000s}{section.1}% 3
\BOOKMARK [2][-]{subsection.1.3}{\376\377\000D\000i\000f\000f\000e\000r\000e\000n\000t\000i\000a\000l\000\040\000F\000o\000r\000m\000s\000\040\000o\000n\000\040\000C\000u\000r\000v\000e\000s}{section.1}% 4
\BOOKMARK [1][-]{section.2}{\376\377\000C\000l\000a\000s\000s\000i\000c\000a\000l\000\040\000D\000i\000v\000i\000s\000o\000r\000s\000\040\000o\000n\000\040\000C\000u\000r\000v\000e\000s}{}% 5
\BOOKMARK [2][-]{subsection.2.1}{\376\377\000T\000h\000e\000\040\000P\000u\000l\000l\000b\000a\000c\000k\000\040\000M\000a\000p\000\040\000o\000f\000\040\000D\000i\000v\000i\000s\000o\000r\000s}{section.2}% 6
\BOOKMARK [2][-]{subsection.2.2}{\376\377\000T\000h\000e\000\040\000L\000i\000n\000e\000a\000r\000\040\000S\000y\000s\000t\000e\000m\000\040\000o\000f\000\040\000D\000i\000v\000i\000s\000o\000r\000s}{section.2}% 7
\BOOKMARK [2][-]{subsection.2.3}{\376\377\000T\000h\000e\000\040\000C\000a\000n\000o\000n\000i\000c\000a\000l\000\040\000D\000i\000v\000i\000s\000o\000r\000\040\000f\000o\000r\000\040\000C\000u\000r\000v\000e\000s}{section.2}% 8
\BOOKMARK [2][-]{subsection.2.4}{\376\377\000T\000h\000e\000\040\000R\000i\000e\000m\000a\000n\000n\000-\000R\000o\000c\000h\000\040\000T\000h\000e\000o\000r\000e\000m}{section.2}% 9
\BOOKMARK [2][-]{subsection.2.5}{\376\377\000T\000h\000e\000\040\000R\000i\000e\000m\000a\000n\000n\000-\000H\000u\000r\000w\000i\000t\000z\000\040\000F\000o\000r\000m\000u\000l\000a}{section.2}% 10
\BOOKMARK [1][-]{section.3}{\376\377\000M\000a\000p\000s\000\040\000f\000r\000o\000m\000\040\000C\000u\000r\000v\000e\000s\000\040\000t\000o\000\040\000P\000r\000o\000j\000e\000c\000t\000i\000v\000e\000\040\000S\000p\000a\000c\000e}{}% 11
\BOOKMARK [2][-]{subsection.3.1}{\376\377\000T\000h\000e\000\040\000A\000s\000s\000o\000c\000i\000a\000t\000e\000d\000\040\000M\000a\000p\000\040\000o\000f\000\040\000D\000i\000v\000i\000s\000o\000r\000s}{section.3}% 12
\BOOKMARK [2][-]{subsection.3.2}{\376\377\000T\000h\000e\000\040\000A\000s\000s\000o\000c\000i\000a\000t\000e\000d\000\040\000M\000a\000p\000\040\000a\000s\000\040\000a\000\040\000R\000e\000g\000u\000l\000a\000r\000\040\000M\000a\000p}{section.3}% 13
\BOOKMARK [2][-]{subsection.3.3}{\376\377\000T\000h\000e\000\040\000A\000s\000s\000o\000c\000i\000a\000t\000e\000d\000\040\000M\000a\000p\000\040\000a\000s\000\040\000a\000n\000\040\000E\000m\000e\000b\000d\000d\000i\000n\000g}{section.3}% 14
\BOOKMARK [2][-]{subsection.3.4}{\376\377\000T\000h\000e\000\040\000M\000o\000d\000u\000l\000i\000\040\000S\000p\000a\000c\000e\000\040\000o\000f\000\040\000E\000f\000f\000e\000c\000t\000i\000v\000e\000\040\000D\000i\000v\000i\000s\000o\000r\000s\000\040\000E\000q\000u\000i\000v\000a\000l\000e\000n\000t\000\040\000t\000o\000\040\000a\000\040\000D\000i\000v\000i\000s\000o\000r}{section.3}% 15
\BOOKMARK [2][-]{subsection.3.5}{\376\377\000C\000l\000a\000s\000s\000i\000f\000i\000c\000a\000t\000i\000o\000n\000\040\000o\000f\000\040\000R\000e\000g\000u\000l\000a\000r\000\040\000M\000a\000p\000s\000\040\000i\000n\000t\000o\000\040\000P\000r\000o\000j\000e\000c\000t\000i\000v\000e\000\040\000S\000p\000a\000c\000e}{section.3}% 16
\BOOKMARK [1][-]{section.4}{\376\377\000C\000u\000r\000v\000e\000s\000\040\000w\000i\000t\000h\000\040\000L\000o\000w\000\040\000G\000e\000n\000u\000s}{}% 17
\BOOKMARK [2][-]{subsection.4.1}{\376\377\000G\000e\000n\000u\000s\000\040\0000\000\040\000C\000u\000r\000v\000e\000s}{section.4}% 18
\BOOKMARK [2][-]{subsection.4.2}{\376\377\000G\000e\000n\000u\000s\000\040\0001\000\040\000C\000u\000r\000v\000e\000s}{section.4}% 19
\BOOKMARK [2][-]{subsection.4.3}{\376\377\000G\000e\000n\000u\000s\000\040\0002\000\040\000C\000u\000r\000v\000e}{section.4}% 20
\BOOKMARK [1][-]{section.5}{\376\377\000B\000a\000s\000i\000c\000\040\000P\000r\000o\000p\000e\000r\000t\000i\000e\000s\000\040\000o\000f\000\040\000A\000l\000g\000e\000b\000r\000a\000i\000c\000\040\000C\000u\000r\000v\000e\000s}{}% 21
\BOOKMARK [2][-]{subsection.5.1}{\376\377\000S\000o\000m\000e\000\040\000C\000l\000a\000s\000s\000i\000c\000a\000l\000\040\000R\000e\000s\000u\000l\000t\000s}{section.5}% 22
\BOOKMARK [2][-]{subsection.5.2}{\376\377\000B\000a\000s\000i\000c\000\040\000P\000r\000o\000p\000e\000r\000t\000i\000e\000s\000\040\000o\000f\000\040\000A\000l\000g\000e\000b\000r\000a\000i\000c\000\040\000C\000u\000r\000v\000e\000s}{section.5}% 23
\BOOKMARK [1][-]{section.6}{\376\377\000D\000i\000v\000i\000s\000o\000r\000s\000\040\000o\000n\000\040\000C\000u\000r\000v\000e\000s}{}% 24
\BOOKMARK [2][-]{subsection.6.1}{\376\377\000T\000h\000e\000\040\000P\000u\000l\000l\000b\000a\000c\000k\000\040\000M\000a\000p\000\040\000o\000f\000\040\000D\000i\000v\000i\000s\000o\000r\000s}{section.6}% 25
\BOOKMARK [2][-]{subsection.6.2}{\376\377\000T\000h\000e\000\040\000L\000i\000n\000e\000a\000r\000\040\000S\000y\000s\000t\000e\000m\000\040\000o\000f\000\040\000D\000i\000v\000i\000s\000o\000r\000s}{section.6}% 26
\BOOKMARK [2][-]{subsection.6.3}{\376\377\000T\000h\000e\000\040\000R\000i\000e\000m\000a\000n\000n\000-\000R\000o\000c\000h\000\040\000T\000h\000e\000o\000r\000e\000m}{section.6}% 27
\BOOKMARK [2][-]{subsection.6.4}{\376\377\000C\000l\000a\000s\000s\000i\000f\000i\000c\000a\000t\000i\000o\000n\000\040\000o\000f\000\040\000C\000u\000r\000v\000e\000s\000\040\000i\000n\000\040\000P\0003}{section.6}% 28
