This is pdfTeX, Version 3.141592653-2.6-1.40.26 (MiKTeX 24.4) (preloaded format=pdflatex 2025.1.7)  31 MAR 2025 13:01
entering extended mode
 restricted \write18 enabled.
 %&-line parsing enabled.
**./Report.tex
(Report.tex
LaTeX2e <2024-11-01> patch level 1
L3 programming layer <2024-12-09>
(C:\Users\liula\AppData\Local\Programs\MiKTeX\tex/latex/base\article.cls
Document Class: article 2024/06/29 v1.4n Standard LaTeX document class
(C:\Users\liula\AppData\Local\Programs\MiKTeX\tex/latex/base\size11.clo
File: size11.clo 2024/06/29 v1.4n Standard LaTeX file (size option)
)
\c@part=\count196
\c@section=\count197
\c@subsection=\count198
\c@subsubsection=\count199
\c@paragraph=\count266
\c@subparagraph=\count267
\c@figure=\count268
\c@table=\count269
\abovecaptionskip=\skip49
\belowcaptionskip=\skip50
\bibindent=\dimen141
)
(preamble.tex
(C:\Users\liula\AppData\Local\Programs\MiKTeX\tex/latex/geometry\geometry.sty
Package: geometry 2020/01/02 v5.9 Page Geometry

(C:\Users\liula\AppData\Local\Programs\MiKTeX\tex/latex/graphics\keyval.sty
Package: keyval 2022/05/29 v1.15 key=value parser (DPC)
\KV@toks@=\toks17
)
(C:\Users\liula\AppData\Local\Programs\MiKTeX\tex/generic/iftex\ifvtex.sty
Package: ifvtex 2019/10/25 v1.7 ifvtex legacy package. Use iftex instead.

(C:\Users\liula\AppData\Local\Programs\MiKTeX\tex/generic/iftex\iftex.sty
Package: iftex 2024/12/12 v1.0g TeX engine tests
))
\Gm@cnth=\count270
\Gm@cntv=\count271
\c@Gm@tempcnt=\count272
\Gm@bindingoffset=\dimen142
\Gm@wd@mp=\dimen143
\Gm@odd@mp=\dimen144
\Gm@even@mp=\dimen145
\Gm@layoutwidth=\dimen146
\Gm@layoutheight=\dimen147
\Gm@layouthoffset=\dimen148
\Gm@layoutvoffset=\dimen149
\Gm@dimlist=\toks18

(C:\Users\liula\AppData\Local\Programs\MiKTeX\tex/latex/geometry\geometry.cfg))
(C:\Users\liula\AppData\Local\Programs\MiKTeX\tex/latex/amsfonts\amsfonts.sty
Package: amsfonts 2013/01/14 v3.01 Basic AMSFonts support
\@emptytoks=\toks19
\symAMSa=\mathgroup4
\symAMSb=\mathgroup5
LaTeX Font Info:    Redeclaring math symbol \hbar on input line 98.
LaTeX Font Info:    Overwriting math alphabet `\mathfrak' in version `bold'
(Font)                  U/euf/m/n --> U/euf/b/n on input line 106.
)
(C:\Users\liula\AppData\Local\Programs\MiKTeX\tex/latex/amscls\amsthm.sty
Package: amsthm 2020/05/29 v2.20.6
\thm@style=\toks20
\thm@bodyfont=\toks21
\thm@headfont=\toks22
\thm@notefont=\toks23
\thm@headpunct=\toks24
\thm@preskip=\skip51
\thm@postskip=\skip52
\thm@headsep=\skip53
\dth@everypar=\toks25
)
(C:\Users\liula\AppData\Local\Programs\MiKTeX\tex/latex/amsmath\amsmath.sty
Package: amsmath 2024/11/05 v2.17t AMS math features
\@mathmargin=\skip54

For additional information on amsmath, use the `?' option.
(C:\Users\liula\AppData\Local\Programs\MiKTeX\tex/latex/amsmath\amstext.sty
Package: amstext 2021/08/26 v2.01 AMS text

(C:\Users\liula\AppData\Local\Programs\MiKTeX\tex/latex/amsmath\amsgen.sty
File: amsgen.sty 1999/11/30 v2.0 generic functions
\@emptytoks=\toks26
\ex@=\dimen150
))
(C:\Users\liula\AppData\Local\Programs\MiKTeX\tex/latex/amsmath\amsbsy.sty
Package: amsbsy 1999/11/29 v1.2d Bold Symbols
\pmbraise@=\dimen151
)
(C:\Users\liula\AppData\Local\Programs\MiKTeX\tex/latex/amsmath\amsopn.sty
Package: amsopn 2022/04/08 v2.04 operator names
)
\inf@bad=\count273
LaTeX Info: Redefining \frac on input line 233.
\uproot@=\count274
\leftroot@=\count275
LaTeX Info: Redefining \overline on input line 398.
LaTeX Info: Redefining \colon on input line 409.
\classnum@=\count276
\DOTSCASE@=\count277
LaTeX Info: Redefining \ldots on input line 495.
LaTeX Info: Redefining \dots on input line 498.
LaTeX Info: Redefining \cdots on input line 619.
\Mathstrutbox@=\box52
\strutbox@=\box53
LaTeX Info: Redefining \big on input line 721.
LaTeX Info: Redefining \Big on input line 722.
LaTeX Info: Redefining \bigg on input line 723.
LaTeX Info: Redefining \Bigg on input line 724.
\big@size=\dimen152
LaTeX Font Info:    Redeclaring font encoding OML on input line 742.
LaTeX Font Info:    Redeclaring font encoding OMS on input line 743.
\macc@depth=\count278
LaTeX Info: Redefining \bmod on input line 904.
LaTeX Info: Redefining \pmod on input line 909.
LaTeX Info: Redefining \smash on input line 939.
LaTeX Info: Redefining \relbar on input line 969.
LaTeX Info: Redefining \Relbar on input line 970.
\c@MaxMatrixCols=\count279
\dotsspace@=\muskip17
\c@parentequation=\count280
\dspbrk@lvl=\count281
\tag@help=\toks27
\row@=\count282
\column@=\count283
\maxfields@=\count284
\andhelp@=\toks28
\eqnshift@=\dimen153
\alignsep@=\dimen154
\tagshift@=\dimen155
\tagwidth@=\dimen156
\totwidth@=\dimen157
\lineht@=\dimen158
\@envbody=\toks29
\multlinegap=\skip55
\multlinetaggap=\skip56
\mathdisplay@stack=\toks30
LaTeX Info: Redefining \[ on input line 2953.
LaTeX Info: Redefining \] on input line 2954.
)
(C:\Users\liula\AppData\Local\Programs\MiKTeX\tex/latex/parskip\parskip.sty
Package: parskip 2021-03-14 v2.0h non-zero parskip adjustments

(C:\Users\liula\AppData\Local\Programs\MiKTeX\tex/latex/kvoptions\kvoptions.sty
Package: kvoptions 2022-06-15 v3.15 Key value format for package options (HO)
(C:\Users\liula\AppData\Local\Programs\MiKTeX\tex/generic/ltxcmds\ltxcmds.sty
Package: ltxcmds 2023-12-04 v1.26 LaTeX kernel commands for general use (HO)
)
(C:\Users\liula\AppData\Local\Programs\MiKTeX\tex/latex/kvsetkeys\kvsetkeys.sty
Package: kvsetkeys 2022-10-05 v1.19 Key value parser (HO)
))
(C:\Users\liula\AppData\Local\Programs\MiKTeX\tex/latex/etoolbox\etoolbox.sty
Package: etoolbox 2020/10/05 v2.5k e-TeX tools for LaTeX (JAW)
\etb@tempcnta=\count285
)) (C:\Users\liula\AppData\Local\Programs\MiKTeX\tex/latex/jknappen\mathrsfs.st
y
Package: mathrsfs 1996/01/01 Math RSFS package v1.0 (jk)
\symrsfs=\mathgroup6
) (C:\Users\liula\AppData\Local\Programs\MiKTeX\tex/latex/graphics\graphicx.sty
Package: graphicx 2021/09/16 v1.2d Enhanced LaTeX Graphics (DPC,SPQR)

(C:\Users\liula\AppData\Local\Programs\MiKTeX\tex/latex/graphics\graphics.sty
Package: graphics 2024/08/06 v1.4g Standard LaTeX Graphics (DPC,SPQR)

(C:\Users\liula\AppData\Local\Programs\MiKTeX\tex/latex/graphics\trig.sty
Package: trig 2023/12/02 v1.11 sin cos tan (DPC)
)
(C:\Users\liula\AppData\Local\Programs\MiKTeX\tex/latex/graphics-cfg\graphics.c
fg
File: graphics.cfg 2016/06/04 v1.11 sample graphics configuration
)
Package graphics Info: Driver file: pdftex.def on input line 106.

(C:\Users\liula\AppData\Local\Programs\MiKTeX\tex/latex/graphics-def\pdftex.def
File: pdftex.def 2024/04/13 v1.2c Graphics/color driver for pdftex
))
\Gin@req@height=\dimen159
\Gin@req@width=\dimen160
)
(C:\Users\liula\AppData\Local\Programs\MiKTeX\tex/latex/amsfonts\amssymb.sty
Package: amssymb 2013/01/14 v3.01 AMS font symbols
)
(C:\Users\liula\AppData\Local\Programs\MiKTeX\tex/latex/xtab\xtab.sty
Package: xtab 2011/07/31 v2.3f Extended supertabular package
\c@tracingst=\count286
\PWSTcapht=\dimen161
\ST@wd=\dimen162
\ST@rightskip=\skip57
\ST@leftskip=\skip58
\ST@parfillskip=\skip59
\c@PWSTtable=\count287
\PWSTlastpage=\count288
\PWSTpenultimate=\count289
\PWSTcurpage=\count290
\PWSTtempc=\count291
\PWSTlines=\count292
\PWST@lastht=\dimen163
\PWST@generalht=\dimen164
\PWST@ht=\dimen165
\ST@pageleft=\dimen166
\ST@headht=\dimen167
\ST@tailht=\dimen168
\ST@pagesofar=\dimen169
\ST@pboxht=\dimen170
\ST@lineht=\dimen171
\ST@stretchht=\dimen172
\ST@prevht=\dimen173
\ST@toadd=\dimen174
\ST@dimen=\dimen175
\ST@pbox=\box54
)
(C:\Users\liula\AppData\Local\Programs\MiKTeX\tex/latex/hyperref\hyperref.sty
Package: hyperref 2024-11-05 v7.01l Hypertext links for LaTeX

(C:\Users\liula\AppData\Local\Programs\MiKTeX\tex/generic/kvdefinekeys\kvdefine
keys.sty
Package: kvdefinekeys 2019-12-19 v1.6 Define keys (HO)
)
(C:\Users\liula\AppData\Local\Programs\MiKTeX\tex/generic/pdfescape\pdfescape.s
ty
Package: pdfescape 2019/12/09 v1.15 Implements pdfTeX's escape features (HO)

(C:\Users\liula\AppData\Local\Programs\MiKTeX\tex/generic/pdftexcmds\pdftexcmds
.sty
Package: pdftexcmds 2020-06-27 v0.33 Utility functions of pdfTeX for LuaTeX (HO
)

(C:\Users\liula\AppData\Local\Programs\MiKTeX\tex/generic/infwarerr\infwarerr.s
ty
Package: infwarerr 2019/12/03 v1.5 Providing info/warning/error messages (HO)
)
Package pdftexcmds Info: \pdf@primitive is available.
Package pdftexcmds Info: \pdf@ifprimitive is available.
Package pdftexcmds Info: \pdfdraftmode found.
))
(C:\Users\liula\AppData\Local\Programs\MiKTeX\tex/latex/hycolor\hycolor.sty
Package: hycolor 2020-01-27 v1.10 Color options for hyperref/bookmark (HO)
)
(C:\Users\liula\AppData\Local\Programs\MiKTeX\tex/latex/hyperref\nameref.sty
Package: nameref 2023-11-26 v2.56 Cross-referencing by name of section

(C:\Users\liula\AppData\Local\Programs\MiKTeX\tex/latex/refcount\refcount.sty
Package: refcount 2019/12/15 v3.6 Data extraction from label references (HO)
)
(C:\Users\liula\AppData\Local\Programs\MiKTeX\tex/generic/gettitlestring\gettit
lestring.sty
Package: gettitlestring 2019/12/15 v1.6 Cleanup title references (HO)
)
\c@section@level=\count293
)
(C:\Users\liula\AppData\Local\Programs\MiKTeX\tex/generic/stringenc\stringenc.s
ty
Package: stringenc 2019/11/29 v1.12 Convert strings between diff. encodings (HO
)
)
\@linkdim=\dimen176
\Hy@linkcounter=\count294
\Hy@pagecounter=\count295
 (C:\Users\liula\AppData\Local\Programs\MiKTeX\tex/latex/hyperref\pd1enc.def
File: pd1enc.def 2024-11-05 v7.01l Hyperref: PDFDocEncoding definition (HO)
Now handling font encoding PD1 ...
... no UTF-8 mapping file for font encoding PD1
) (C:\Users\liula\AppData\Local\Programs\MiKTeX\tex/generic/intcalc\intcalc.sty
Package: intcalc 2019/12/15 v1.3 Expandable calculations with integers (HO)
)
\Hy@SavedSpaceFactor=\count296
 (C:\Users\liula\AppData\Local\Programs\MiKTeX\tex/latex/hyperref\puenc.def
File: puenc.def 2024-11-05 v7.01l Hyperref: PDF Unicode definition (HO)
Now handling font encoding PU ...
... no UTF-8 mapping file for font encoding PU
)
Package hyperref Info: Hyper figures OFF on input line 4157.
Package hyperref Info: Link nesting OFF on input line 4162.
Package hyperref Info: Hyper index ON on input line 4165.
Package hyperref Info: Plain pages OFF on input line 4172.
Package hyperref Info: Backreferencing OFF on input line 4177.
Package hyperref Info: Implicit mode ON; LaTeX internals redefined.
Package hyperref Info: Bookmarks ON on input line 4424.
\c@Hy@tempcnt=\count297

(C:\Users\liula\AppData\Local\Programs\MiKTeX\tex/latex/url\url.sty
\Urlmuskip=\muskip18
Package: url 2013/09/16  ver 3.4  Verb mode for urls, etc.
)
LaTeX Info: Redefining \url on input line 4763.
\XeTeXLinkMargin=\dimen177

(C:\Users\liula\AppData\Local\Programs\MiKTeX\tex/generic/bitset\bitset.sty
Package: bitset 2019/12/09 v1.3 Handle bit-vector datatype (HO)

(C:\Users\liula\AppData\Local\Programs\MiKTeX\tex/generic/bigintcalc\bigintcalc
.sty
Package: bigintcalc 2019/12/15 v1.5 Expandable calculations on big integers (HO
)
))
\Fld@menulength=\count298
\Field@Width=\dimen178
\Fld@charsize=\dimen179
Package hyperref Info: Hyper figures OFF on input line 6042.
Package hyperref Info: Link nesting OFF on input line 6047.
Package hyperref Info: Hyper index ON on input line 6050.
Package hyperref Info: backreferencing OFF on input line 6057.
Package hyperref Info: Link coloring OFF on input line 6062.
Package hyperref Info: Link coloring with OCG OFF on input line 6067.
Package hyperref Info: PDF/A mode OFF on input line 6072.

(C:\Users\liula\AppData\Local\Programs\MiKTeX\tex/latex/base\atbegshi-ltx.sty
Package: atbegshi-ltx 2021/01/10 v1.0c Emulation of the original atbegshi
package with kernel methods
)
\Hy@abspage=\count299
\c@Item=\count300
\c@Hfootnote=\count301
)
Package hyperref Info: Driver (autodetected): hpdftex.
(C:\Users\liula\AppData\Local\Programs\MiKTeX\tex/latex/hyperref\hpdftex.def
File: hpdftex.def 2024-11-05 v7.01l Hyperref driver for pdfTeX

(C:\Users\liula\AppData\Local\Programs\MiKTeX\tex/latex/base\atveryend-ltx.sty
Package: atveryend-ltx 2020/08/19 v1.0a Emulation of the original atveryend pac
kage
with kernel methods
)
\Fld@listcount=\count302
\c@bookmark@seq@number=\count303

(C:\Users\liula\AppData\Local\Programs\MiKTeX\tex/latex/rerunfilecheck\rerunfil
echeck.sty
Package: rerunfilecheck 2022-07-10 v1.10 Rerun checks for auxiliary files (HO)

(C:\Users\liula\AppData\Local\Programs\MiKTeX\tex/generic/uniquecounter\uniquec
ounter.sty
Package: uniquecounter 2019/12/15 v1.4 Provide unlimited unique counter (HO)
)
Package uniquecounter Info: New unique counter `rerunfilecheck' on input line 2
85.
)
\Hy@SectionHShift=\skip60
)
(C:\Users\liula\AppData\Local\Programs\MiKTeX\tex/latex/setspace\setspace.sty
Package: setspace 2022/12/04 v6.7b set line spacing
)
(C:\Users\liula\AppData\Local\Programs\MiKTeX\tex/latex/datetime\datetime.sty
Package: datetime 2015/03/20 v2.60 Date Time Package

(C:\Users\liula\AppData\Local\Programs\MiKTeX\tex/latex/fmtcount\fmtcount.sty
Package: fmtcount 2024/10/18 v3.09

(C:\Users\liula\AppData\Local\Programs\MiKTeX\tex/latex/base\ifthen.sty
Package: ifthen 2024/03/16 v1.1e Standard LaTeX ifthen package (DPC)
)
(C:\Users\liula\AppData\Local\Programs\MiKTeX\tex/latex/xkeyval\xkeyval.sty
Package: xkeyval 2022/06/16 v2.9 package option processing (HA)

(C:\Users\liula\AppData\Local\Programs\MiKTeX\tex/generic/xkeyval\xkeyval.tex
(C:\Users\liula\AppData\Local\Programs\MiKTeX\tex/generic/xkeyval\xkvutils.tex
\XKV@toks=\toks31
\XKV@tempa@toks=\toks32
)
\XKV@depth=\count304
File: xkeyval.tex 2014/12/03 v2.7a key=value parser (HA)
))
(C:\Users\liula\AppData\Local\Programs\MiKTeX\tex/latex/fmtcount\fcprefix.sty
Package: fcprefix 2012/09/28

(C:\Users\liula\AppData\Local\Programs\MiKTeX\tex/latex/fmtcount\fcnumparser.st
y
Package: fcnumparser 2017/06/15
\fc@digit@counter=\count305
))
\c@padzeroesN=\count306
\fc@tmpcatcode=\count307
\@DT@modctr=\count308
\@ordinalctr=\count309
\@orgargctr=\count310
\@strctr=\count311
\@tmpstrctr=\count312
\@DT@loopN=\count313
\@DT@X=\count314
)
(C:\Users\liula\AppData\Local\Programs\MiKTeX\tex/latex/datetime\datetime-defau
lts.sty
Package: datetime-defaults 2013/09/10
)
\@day=\count315
\@month=\count316
\@year=\count317
\c@HOUR=\count318
\c@HOURXII=\count319
\c@MINUTE=\count320
\c@TOHOUR=\count321
\c@TOMINUTE=\count322
\c@SECOND=\count323
\currenthour=\count324
\currentminute=\count325
\currentsecond=\count326
Package datetime Info: No datetime.cfg file found, using default settings on in
put line 308.
\@dtctr=\count327
\dayofyear=\count328
\dayofweek=\count329
LaTeX Info: Redefining \today on input line 736.
\dt@a=\toks33
\dt@b=\toks34
)
(C:\Users\liula\AppData\Local\Programs\MiKTeX\tex/latex/physics\physics.sty
Package: physics 

(C:\Users\liula\AppData\Local\Programs\MiKTeX\tex/latex/l3packages/xparse\xpars
e.sty
(C:\Users\liula\AppData\Local\Programs\MiKTeX\tex/latex/l3kernel\expl3.sty
Package: expl3 2024-12-09 L3 programming layer (loader) 

(C:\Users\liula\AppData\Local\Programs\MiKTeX\tex/latex/l3backend\l3backend-pdf
tex.def
File: l3backend-pdftex.def 2024-05-08 L3 backend support: PDF output (pdfTeX)
\l__color_backend_stack_int=\count330
\l__pdf_internal_box=\box55
))
Package: xparse 2024-08-16 L3 Experimental document command parser
))
(C:\Users\liula\AppData\Local\Programs\MiKTeX\tex/latex/psnfss\mathpazo.sty
Package: mathpazo 2020/03/25 PSNFSS-v9.3 Palatino w/ Pazo Math (D.Puga, WaS) 
\symupright=\mathgroup7
)
(C:\Users\liula\AppData\Local\Programs\MiKTeX\tex/latex/amsmath\amscd.sty
Package: amscd 2017/04/14 v2.1 AMS Commutative Diagrams
\athelp@=\toks35
\minaw@=\dimen180
\bigaw@=\dimen181
\minCDarrowwidth=\dimen182
)
(C:\Users\liula\AppData\Local\Programs\MiKTeX\tex/latex/tikz-cd\tikz-cd.sty
Package: tikz-cd 2021/05/04 v1.0 Commutative diagrams with TikZ

(C:\Users\liula\AppData\Local\Programs\MiKTeX\tex/latex/pgf/frontendlayer\tikz.
sty
(C:\Users\liula\AppData\Local\Programs\MiKTeX\tex/latex/pgf/basiclayer\pgf.sty
(C:\Users\liula\AppData\Local\Programs\MiKTeX\tex/latex/pgf/utilities\pgfrcs.st
y
(C:\Users\liula\AppData\Local\Programs\MiKTeX\tex/generic/pgf/utilities\pgfutil
-common.tex
\pgfutil@everybye=\toks36
\pgfutil@tempdima=\dimen183
\pgfutil@tempdimb=\dimen184
)
(C:\Users\liula\AppData\Local\Programs\MiKTeX\tex/generic/pgf/utilities\pgfutil
-latex.def
\pgfutil@abb=\box56
)
(C:\Users\liula\AppData\Local\Programs\MiKTeX\tex/generic/pgf/utilities\pgfrcs.
code.tex
(C:\Users\liula\AppData\Local\Programs\MiKTeX\tex/generic/pgf\pgf.revision.tex)
Package: pgfrcs 2023-01-15 v3.1.10 (3.1.10)
))
Package: pgf 2023-01-15 v3.1.10 (3.1.10)

(C:\Users\liula\AppData\Local\Programs\MiKTeX\tex/latex/pgf/basiclayer\pgfcore.
sty
(C:\Users\liula\AppData\Local\Programs\MiKTeX\tex/latex/pgf/systemlayer\pgfsys.
sty
(C:\Users\liula\AppData\Local\Programs\MiKTeX\tex/generic/pgf/systemlayer\pgfsy
s.code.tex
Package: pgfsys 2023-01-15 v3.1.10 (3.1.10)

(C:\Users\liula\AppData\Local\Programs\MiKTeX\tex/generic/pgf/utilities\pgfkeys
.code.tex
\pgfkeys@pathtoks=\toks37
\pgfkeys@temptoks=\toks38

(C:\Users\liula\AppData\Local\Programs\MiKTeX\tex/generic/pgf/utilities\pgfkeys
libraryfiltered.code.tex
\pgfkeys@tmptoks=\toks39
))
\pgf@x=\dimen185
\pgf@y=\dimen186
\pgf@xa=\dimen187
\pgf@ya=\dimen188
\pgf@xb=\dimen189
\pgf@yb=\dimen190
\pgf@xc=\dimen191
\pgf@yc=\dimen192
\pgf@xd=\dimen193
\pgf@yd=\dimen194
\w@pgf@writea=\write3
\r@pgf@reada=\read2
\c@pgf@counta=\count331
\c@pgf@countb=\count332
\c@pgf@countc=\count333
\c@pgf@countd=\count334
\t@pgf@toka=\toks40
\t@pgf@tokb=\toks41
\t@pgf@tokc=\toks42
\pgf@sys@id@count=\count335

(C:\Users\liula\AppData\Local\Programs\MiKTeX\tex/generic/pgf/systemlayer\pgf.c
fg
File: pgf.cfg 2023-01-15 v3.1.10 (3.1.10)
)
Driver file for pgf: pgfsys-pdftex.def

(C:\Users\liula\AppData\Local\Programs\MiKTeX\tex/generic/pgf/systemlayer\pgfsy
s-pdftex.def
File: pgfsys-pdftex.def 2023-01-15 v3.1.10 (3.1.10)

(C:\Users\liula\AppData\Local\Programs\MiKTeX\tex/generic/pgf/systemlayer\pgfsy
s-common-pdf.def
File: pgfsys-common-pdf.def 2023-01-15 v3.1.10 (3.1.10)
)))
(C:\Users\liula\AppData\Local\Programs\MiKTeX\tex/generic/pgf/systemlayer\pgfsy
ssoftpath.code.tex
File: pgfsyssoftpath.code.tex 2023-01-15 v3.1.10 (3.1.10)
\pgfsyssoftpath@smallbuffer@items=\count336
\pgfsyssoftpath@bigbuffer@items=\count337
)
(C:\Users\liula\AppData\Local\Programs\MiKTeX\tex/generic/pgf/systemlayer\pgfsy
sprotocol.code.tex
File: pgfsysprotocol.code.tex 2023-01-15 v3.1.10 (3.1.10)
))
(C:\Users\liula\AppData\Local\Programs\MiKTeX\tex/latex/xcolor\xcolor.sty
Package: xcolor 2024/09/29 v3.02 LaTeX color extensions (UK)

(C:\Users\liula\AppData\Local\Programs\MiKTeX\tex/latex/graphics-cfg\color.cfg
File: color.cfg 2016/01/02 v1.6 sample color configuration
)
Package xcolor Info: Driver file: pdftex.def on input line 274.
(C:\Users\liula\AppData\Local\Programs\MiKTeX\tex/latex/graphics\mathcolor.ltx)
Package xcolor Info: Model `cmy' substituted by `cmy0' on input line 1349.
Package xcolor Info: Model `hsb' substituted by `rgb' on input line 1353.
Package xcolor Info: Model `RGB' extended on input line 1365.
Package xcolor Info: Model `HTML' substituted by `rgb' on input line 1367.
Package xcolor Info: Model `Hsb' substituted by `hsb' on input line 1368.
Package xcolor Info: Model `tHsb' substituted by `hsb' on input line 1369.
Package xcolor Info: Model `HSB' substituted by `hsb' on input line 1370.
Package xcolor Info: Model `Gray' substituted by `gray' on input line 1371.
Package xcolor Info: Model `wave' substituted by `hsb' on input line 1372.
)
(C:\Users\liula\AppData\Local\Programs\MiKTeX\tex/generic/pgf/basiclayer\pgfcor
e.code.tex
Package: pgfcore 2023-01-15 v3.1.10 (3.1.10)

(C:\Users\liula\AppData\Local\Programs\MiKTeX\tex/generic/pgf/math\pgfmath.code
.tex
(C:\Users\liula\AppData\Local\Programs\MiKTeX\tex/generic/pgf/math\pgfmathutil.
code.tex)
(C:\Users\liula\AppData\Local\Programs\MiKTeX\tex/generic/pgf/math\pgfmathparse
r.code.tex
\pgfmath@dimen=\dimen195
\pgfmath@count=\count338
\pgfmath@box=\box57
\pgfmath@toks=\toks43
\pgfmath@stack@operand=\toks44
\pgfmath@stack@operation=\toks45
)
(C:\Users\liula\AppData\Local\Programs\MiKTeX\tex/generic/pgf/math\pgfmathfunct
ions.code.tex)
(C:\Users\liula\AppData\Local\Programs\MiKTeX\tex/generic/pgf/math\pgfmathfunct
ions.basic.code.tex)
(C:\Users\liula\AppData\Local\Programs\MiKTeX\tex/generic/pgf/math\pgfmathfunct
ions.trigonometric.code.tex)
(C:\Users\liula\AppData\Local\Programs\MiKTeX\tex/generic/pgf/math\pgfmathfunct
ions.random.code.tex)
(C:\Users\liula\AppData\Local\Programs\MiKTeX\tex/generic/pgf/math\pgfmathfunct
ions.comparison.code.tex)
(C:\Users\liula\AppData\Local\Programs\MiKTeX\tex/generic/pgf/math\pgfmathfunct
ions.base.code.tex)
(C:\Users\liula\AppData\Local\Programs\MiKTeX\tex/generic/pgf/math\pgfmathfunct
ions.round.code.tex)
(C:\Users\liula\AppData\Local\Programs\MiKTeX\tex/generic/pgf/math\pgfmathfunct
ions.misc.code.tex)
(C:\Users\liula\AppData\Local\Programs\MiKTeX\tex/generic/pgf/math\pgfmathfunct
ions.integerarithmetics.code.tex)
(C:\Users\liula\AppData\Local\Programs\MiKTeX\tex/generic/pgf/math\pgfmathcalc.
code.tex)
(C:\Users\liula\AppData\Local\Programs\MiKTeX\tex/generic/pgf/math\pgfmathfloat
.code.tex
\c@pgfmathroundto@lastzeros=\count339
))
(C:\Users\liula\AppData\Local\Programs\MiKTeX\tex/generic/pgf/math\pgfint.code.
tex)
(C:\Users\liula\AppData\Local\Programs\MiKTeX\tex/generic/pgf/basiclayer\pgfcor
epoints.code.tex
File: pgfcorepoints.code.tex 2023-01-15 v3.1.10 (3.1.10)
\pgf@picminx=\dimen196
\pgf@picmaxx=\dimen197
\pgf@picminy=\dimen198
\pgf@picmaxy=\dimen199
\pgf@pathminx=\dimen256
\pgf@pathmaxx=\dimen257
\pgf@pathminy=\dimen258
\pgf@pathmaxy=\dimen259
\pgf@xx=\dimen260
\pgf@xy=\dimen261
\pgf@yx=\dimen262
\pgf@yy=\dimen263
\pgf@zx=\dimen264
\pgf@zy=\dimen265
)
(C:\Users\liula\AppData\Local\Programs\MiKTeX\tex/generic/pgf/basiclayer\pgfcor
epathconstruct.code.tex
File: pgfcorepathconstruct.code.tex 2023-01-15 v3.1.10 (3.1.10)
\pgf@path@lastx=\dimen266
\pgf@path@lasty=\dimen267
)
(C:\Users\liula\AppData\Local\Programs\MiKTeX\tex/generic/pgf/basiclayer\pgfcor
epathusage.code.tex
File: pgfcorepathusage.code.tex 2023-01-15 v3.1.10 (3.1.10)
\pgf@shorten@end@additional=\dimen268
\pgf@shorten@start@additional=\dimen269
)
(C:\Users\liula\AppData\Local\Programs\MiKTeX\tex/generic/pgf/basiclayer\pgfcor
escopes.code.tex
File: pgfcorescopes.code.tex 2023-01-15 v3.1.10 (3.1.10)
\pgfpic=\box58
\pgf@hbox=\box59
\pgf@layerbox@main=\box60
\pgf@picture@serial@count=\count340
)
(C:\Users\liula\AppData\Local\Programs\MiKTeX\tex/generic/pgf/basiclayer\pgfcor
egraphicstate.code.tex
File: pgfcoregraphicstate.code.tex 2023-01-15 v3.1.10 (3.1.10)
\pgflinewidth=\dimen270
)
(C:\Users\liula\AppData\Local\Programs\MiKTeX\tex/generic/pgf/basiclayer\pgfcor
etransformations.code.tex
File: pgfcoretransformations.code.tex 2023-01-15 v3.1.10 (3.1.10)
\pgf@pt@x=\dimen271
\pgf@pt@y=\dimen272
\pgf@pt@temp=\dimen273
)
(C:\Users\liula\AppData\Local\Programs\MiKTeX\tex/generic/pgf/basiclayer\pgfcor
equick.code.tex
File: pgfcorequick.code.tex 2023-01-15 v3.1.10 (3.1.10)
)
(C:\Users\liula\AppData\Local\Programs\MiKTeX\tex/generic/pgf/basiclayer\pgfcor
eobjects.code.tex
File: pgfcoreobjects.code.tex 2023-01-15 v3.1.10 (3.1.10)
)
(C:\Users\liula\AppData\Local\Programs\MiKTeX\tex/generic/pgf/basiclayer\pgfcor
epathprocessing.code.tex
File: pgfcorepathprocessing.code.tex 2023-01-15 v3.1.10 (3.1.10)
)
(C:\Users\liula\AppData\Local\Programs\MiKTeX\tex/generic/pgf/basiclayer\pgfcor
earrows.code.tex
File: pgfcorearrows.code.tex 2023-01-15 v3.1.10 (3.1.10)
\pgfarrowsep=\dimen274
)
(C:\Users\liula\AppData\Local\Programs\MiKTeX\tex/generic/pgf/basiclayer\pgfcor
eshade.code.tex
File: pgfcoreshade.code.tex 2023-01-15 v3.1.10 (3.1.10)
\pgf@max=\dimen275
\pgf@sys@shading@range@num=\count341
\pgf@shadingcount=\count342
)
(C:\Users\liula\AppData\Local\Programs\MiKTeX\tex/generic/pgf/basiclayer\pgfcor
eimage.code.tex
File: pgfcoreimage.code.tex 2023-01-15 v3.1.10 (3.1.10)
)
(C:\Users\liula\AppData\Local\Programs\MiKTeX\tex/generic/pgf/basiclayer\pgfcor
eexternal.code.tex
File: pgfcoreexternal.code.tex 2023-01-15 v3.1.10 (3.1.10)
\pgfexternal@startupbox=\box61
)
(C:\Users\liula\AppData\Local\Programs\MiKTeX\tex/generic/pgf/basiclayer\pgfcor
elayers.code.tex
File: pgfcorelayers.code.tex 2023-01-15 v3.1.10 (3.1.10)
)
(C:\Users\liula\AppData\Local\Programs\MiKTeX\tex/generic/pgf/basiclayer\pgfcor
etransparency.code.tex
File: pgfcoretransparency.code.tex 2023-01-15 v3.1.10 (3.1.10)
)
(C:\Users\liula\AppData\Local\Programs\MiKTeX\tex/generic/pgf/basiclayer\pgfcor
epatterns.code.tex
File: pgfcorepatterns.code.tex 2023-01-15 v3.1.10 (3.1.10)
)
(C:\Users\liula\AppData\Local\Programs\MiKTeX\tex/generic/pgf/basiclayer\pgfcor
erdf.code.tex
File: pgfcorerdf.code.tex 2023-01-15 v3.1.10 (3.1.10)
)))
(C:\Users\liula\AppData\Local\Programs\MiKTeX\tex/generic/pgf/modules\pgfmodule
shapes.code.tex
File: pgfmoduleshapes.code.tex 2023-01-15 v3.1.10 (3.1.10)
\pgfnodeparttextbox=\box62
)
(C:\Users\liula\AppData\Local\Programs\MiKTeX\tex/generic/pgf/modules\pgfmodule
plot.code.tex
File: pgfmoduleplot.code.tex 2023-01-15 v3.1.10 (3.1.10)
)
(C:\Users\liula\AppData\Local\Programs\MiKTeX\tex/latex/pgf/compatibility\pgfco
mp-version-0-65.sty
Package: pgfcomp-version-0-65 2023-01-15 v3.1.10 (3.1.10)
\pgf@nodesepstart=\dimen276
\pgf@nodesepend=\dimen277
)
(C:\Users\liula\AppData\Local\Programs\MiKTeX\tex/latex/pgf/compatibility\pgfco
mp-version-1-18.sty
Package: pgfcomp-version-1-18 2023-01-15 v3.1.10 (3.1.10)
))
(C:\Users\liula\AppData\Local\Programs\MiKTeX\tex/latex/pgf/utilities\pgffor.st
y
(C:\Users\liula\AppData\Local\Programs\MiKTeX\tex/latex/pgf/utilities\pgfkeys.s
ty
(C:\Users\liula\AppData\Local\Programs\MiKTeX\tex/generic/pgf/utilities\pgfkeys
.code.tex))
(C:\Users\liula\AppData\Local\Programs\MiKTeX\tex/latex/pgf/math\pgfmath.sty
(C:\Users\liula\AppData\Local\Programs\MiKTeX\tex/generic/pgf/math\pgfmath.code
.tex))
(C:\Users\liula\AppData\Local\Programs\MiKTeX\tex/generic/pgf/utilities\pgffor.
code.tex
Package: pgffor 2023-01-15 v3.1.10 (3.1.10)
\pgffor@iter=\dimen278
\pgffor@skip=\dimen279
\pgffor@stack=\toks46
\pgffor@toks=\toks47
))
(C:\Users\liula\AppData\Local\Programs\MiKTeX\tex/generic/pgf/frontendlayer/tik
z\tikz.code.tex
Package: tikz 2023-01-15 v3.1.10 (3.1.10)

(C:\Users\liula\AppData\Local\Programs\MiKTeX\tex/generic/pgf/libraries\pgflibr
aryplothandlers.code.tex
File: pgflibraryplothandlers.code.tex 2023-01-15 v3.1.10 (3.1.10)
\pgf@plot@mark@count=\count343
\pgfplotmarksize=\dimen280
)
\tikz@lastx=\dimen281
\tikz@lasty=\dimen282
\tikz@lastxsaved=\dimen283
\tikz@lastysaved=\dimen284
\tikz@lastmovetox=\dimen285
\tikz@lastmovetoy=\dimen286
\tikzleveldistance=\dimen287
\tikzsiblingdistance=\dimen288
\tikz@figbox=\box63
\tikz@figbox@bg=\box64
\tikz@tempbox=\box65
\tikz@tempbox@bg=\box66
\tikztreelevel=\count344
\tikznumberofchildren=\count345
\tikznumberofcurrentchild=\count346
\tikz@fig@count=\count347

(C:\Users\liula\AppData\Local\Programs\MiKTeX\tex/generic/pgf/modules\pgfmodule
matrix.code.tex
File: pgfmodulematrix.code.tex 2023-01-15 v3.1.10 (3.1.10)
\pgfmatrixcurrentrow=\count348
\pgfmatrixcurrentcolumn=\count349
\pgf@matrix@numberofcolumns=\count350
)
\tikz@expandcount=\count351

(C:\Users\liula\AppData\Local\Programs\MiKTeX\tex/generic/pgf/frontendlayer/tik
z/libraries\tikzlibrarytopaths.code.tex
File: tikzlibrarytopaths.code.tex 2023-01-15 v3.1.10 (3.1.10)
)))
(C:\Users\liula\AppData\Local\Programs\MiKTeX\tex/latex/tikz-cd\tikzlibrarycd.c
ode.tex
(C:\Users\liula\AppData\Local\Programs\MiKTeX\tex/generic/pgf/frontendlayer/tik
z/libraries\tikzlibrarymatrix.code.tex
File: tikzlibrarymatrix.code.tex 2023-01-15 v3.1.10 (3.1.10)
)
(C:\Users\liula\AppData\Local\Programs\MiKTeX\tex/generic/pgf/frontendlayer/tik
z/libraries\tikzlibraryquotes.code.tex
File: tikzlibraryquotes.code.tex 2023-01-15 v3.1.10 (3.1.10)
)
(C:\Users\liula\AppData\Local\Programs\MiKTeX\tex/generic/pgf/libraries\pgflibr
aryarrows.meta.code.tex
File: pgflibraryarrows.meta.code.tex 2023-01-15 v3.1.10 (3.1.10)
\pgfarrowinset=\dimen289
\pgfarrowlength=\dimen290
\pgfarrowwidth=\dimen291
\pgfarrowlinewidth=\dimen292
)))
(C:\Users\liula\AppData\Local\Programs\MiKTeX\tex/latex/adjustbox\adjustbox.sty
Package: adjustbox 2022/10/17 v1.3a Adjusting TeX boxes (trim, clip, ...)
(C:\Users\liula\AppData\Local\Programs\MiKTeX\tex/latex/adjustbox\adjcalc.sty
Package: adjcalc 2012/05/16 v1.1 Provides advanced setlength with multiple back
-ends (calc, etex, pgfmath)
)
(C:\Users\liula\AppData\Local\Programs\MiKTeX\tex/latex/adjustbox\trimclip.sty
Package: trimclip 2020/08/19 v1.2 Trim and clip general TeX material

(C:\Users\liula\AppData\Local\Programs\MiKTeX\tex/latex/collectbox\collectbox.s
ty
Package: collectbox 2022/10/17 v0.4c Collect macro arguments as boxes
\collectedbox=\box67
)
\tc@llx=\dimen293
\tc@lly=\dimen294
\tc@urx=\dimen295
\tc@ury=\dimen296
Package trimclip Info: Using driver 'tc-pdftex.def'.

(C:\Users\liula\AppData\Local\Programs\MiKTeX\tex/latex/adjustbox\tc-pdftex.def
File: tc-pdftex.def 2019/01/04 v2.2 Clipping driver for pdftex
))
\adjbox@Width=\dimen297
\adjbox@Height=\dimen298
\adjbox@Depth=\dimen299
\adjbox@Totalheight=\dimen300
\adjbox@pwidth=\dimen301
\adjbox@pheight=\dimen302
\adjbox@pdepth=\dimen303
\adjbox@ptotalheight=\dimen304

(C:\Users\liula\AppData\Local\Programs\MiKTeX\tex/latex/ifoddpage\ifoddpage.sty
Package: ifoddpage 2022/10/18 v1.2 Conditionals for odd/even page detection
\c@checkoddpage=\count352
) (C:\Users\liula\AppData\Local\Programs\MiKTeX\tex/latex/varwidth\varwidth.sty
Package: varwidth 2009/03/30 ver 0.92;  Variable-width minipages
\@vwid@box=\box68
\sift@deathcycles=\count353
\@vwid@loff=\dimen305
\@vwid@roff=\dimen306
))
\c@prp=\count354
)
LaTeX Font Info:    Trying to load font information for OT1+ppl on input line 1
0.
 (C:\Users\liula\AppData\Local\Programs\MiKTeX\tex/latex/psnfss\ot1ppl.fd
File: ot1ppl.fd 2001/06/04 font definitions for OT1/ppl.
)
(Report.aux (titlepage.aux) (contents.aux))
\openout1 = `Report.aux'.

LaTeX Font Info:    Checking defaults for OML/cmm/m/it on input line 10.
LaTeX Font Info:    ... okay on input line 10.
LaTeX Font Info:    Checking defaults for OMS/cmsy/m/n on input line 10.
LaTeX Font Info:    ... okay on input line 10.
LaTeX Font Info:    Checking defaults for OT1/cmr/m/n on input line 10.
LaTeX Font Info:    ... okay on input line 10.
LaTeX Font Info:    Checking defaults for T1/cmr/m/n on input line 10.
LaTeX Font Info:    ... okay on input line 10.
LaTeX Font Info:    Checking defaults for TS1/cmr/m/n on input line 10.
LaTeX Font Info:    ... okay on input line 10.
LaTeX Font Info:    Checking defaults for OMX/cmex/m/n on input line 10.
LaTeX Font Info:    ... okay on input line 10.
LaTeX Font Info:    Checking defaults for U/cmr/m/n on input line 10.
LaTeX Font Info:    ... okay on input line 10.
LaTeX Font Info:    Checking defaults for PD1/pdf/m/n on input line 10.
LaTeX Font Info:    ... okay on input line 10.
LaTeX Font Info:    Checking defaults for PU/pdf/m/n on input line 10.
LaTeX Font Info:    ... okay on input line 10.

*geometry* driver: auto-detecting
*geometry* detected driver: pdftex
*geometry* verbose mode - [ preamble ] result:
* driver: pdftex
* paper: a4paper
* layout: <same size as paper>
* layoutoffset:(h,v)=(0.0pt,0.0pt)
* modes: includehead includefoot twoside 
* h-part:(L,W,R)=(85.35826pt, 426.79135pt, 85.35826pt)
* v-part:(T,H,B)=(56.9055pt, 731.23584pt, 56.9055pt)
* \paperwidth=597.50787pt
* \paperheight=845.04684pt
* \textwidth=426.79135pt
* \textheight=664.23584pt
* \oddsidemargin=13.08827pt
* \evensidemargin=13.08827pt
* \topmargin=-15.36449pt
* \headheight=12.0pt
* \headsep=25.0pt
* \topskip=11.0pt
* \footskip=30.0pt
* \marginparwidth=103.0pt
* \marginparsep=10.0pt
* \columnsep=10.0pt
* \skip\footins=10.0pt plus 4.0pt minus 2.0pt
* \hoffset=0.0pt
* \voffset=0.0pt
* \mag=1000
* \@twocolumnfalse
* \@twosidetrue
* \@mparswitchtrue
* \@reversemarginfalse
* (1in=72.27pt=25.4mm, 1cm=28.453pt)


(C:\Users\liula\AppData\Local\Programs\MiKTeX\tex/context/base/mkii\supp-pdf.mk
ii
[Loading MPS to PDF converter (version 2006.09.02).]
\scratchcounter=\count355
\scratchdimen=\dimen307
\scratchbox=\box69
\nofMPsegments=\count356
\nofMParguments=\count357
\everyMPshowfont=\toks48
\MPscratchCnt=\count358
\MPscratchDim=\dimen308
\MPnumerator=\count359
\makeMPintoPDFobject=\count360
\everyMPtoPDFconversion=\toks49
)
(C:\Users\liula\AppData\Local\Programs\MiKTeX\tex/latex/epstopdf-pkg\epstopdf-b
ase.sty
Package: epstopdf-base 2020-01-24 v2.11 Base part for package epstopdf
Package epstopdf-base Info: Redefining graphics rule for `.eps' on input line 4
85.

(C:\Users\liula\AppData\Local\Programs\MiKTeX\tex/latex/00miktex\epstopdf-sys.c
fg
File: epstopdf-sys.cfg 2021/03/18 v2.0 Configuration of epstopdf for MiKTeX
))
Package hyperref Info: Link coloring OFF on input line 10.
 (Report.out) (Report.out)
\@outlinefile=\write4
\openout4 = `Report.out'.


(C:\Users\liula\AppData\Local\Programs\MiKTeX\tex/latex/fmtcount\fc-english.def
File: fc-english.def 2016/01/12
)
\openout2 = `titlepage.aux'.

 (titlepage.tex
<Warwick_Crest.pdf, id=98, 377.64436pt x 522.77376pt>
File: Warwick_Crest.pdf Graphic file (type pdf)
<use Warwick_Crest.pdf>
Package pdftex.def Info: Warwick_Crest.pdf  used on input line 3.
(pdftex.def)             Requested size: 142.26378pt x 196.93307pt.
<warwick_logo.pdf, id=99, 523.73866pt x 347.44594pt>
File: warwick_logo.pdf Graphic file (type pdf)
<use warwick_logo.pdf>
Package pdftex.def Info: warwick_logo.pdf  used on input line 32.
(pdftex.def)             Requested size: 142.26378pt x 94.37361pt.


[1


{C:/Users/liula/AppData/Local/MiKTeX/fonts/map/pdftex/pdftex.map}{C:/Users/liul
a/AppData/Local/Programs/MiKTeX/fonts/enc/dvips/base/8r.enc} <./Warwick_Crest.p
df> <./warwick_logo.pdf>])
\openout2 = `contents.aux'.

 (contents.tex (Report.toc
LaTeX Font Info:    Trying to load font information for OML+zplm on input line 
2.

(C:\Users\liula\AppData\Local\Programs\MiKTeX\tex/latex/psnfss\omlzplm.fd
File: omlzplm.fd 2002/09/08 Fontinst v1.914 font definitions for OML/zplm.
)
LaTeX Font Info:    Trying to load font information for OMS+zplm on input line 
2.

(C:\Users\liula\AppData\Local\Programs\MiKTeX\tex/latex/psnfss\omszplm.fd
File: omszplm.fd 2002/09/08 Fontinst v1.914 font definitions for OMS/zplm.
)
LaTeX Font Info:    Trying to load font information for OMX+zplm on input line 
2.

(C:\Users\liula\AppData\Local\Programs\MiKTeX\tex/latex/psnfss\omxzplm.fd
File: omxzplm.fd 2002/09/08 Fontinst v1.914 font definitions for OMX/zplm.
)
LaTeX Font Info:    Font shape `U/msa/m/n' will be
(Font)              scaled to size 11.40997pt on input line 2.
LaTeX Font Info:    Font shape `U/msa/m/n' will be
(Font)              scaled to size 8.33606pt on input line 2.
LaTeX Font Info:    Font shape `U/msa/m/n' will be
(Font)              scaled to size 6.25204pt on input line 2.
LaTeX Font Info:    Font shape `U/msb/m/n' will be
(Font)              scaled to size 11.40997pt on input line 2.
LaTeX Font Info:    Font shape `U/msb/m/n' will be
(Font)              scaled to size 8.33606pt on input line 2.
LaTeX Font Info:    Font shape `U/msb/m/n' will be
(Font)              scaled to size 6.25204pt on input line 2.
LaTeX Font Info:    Trying to load font information for U+rsfs on input line 2.


(C:\Users\liula\AppData\Local\Programs\MiKTeX\tex/latex/jknappen\ursfs.fd
File: ursfs.fd 1998/03/24 rsfs font definition file (jk)
)
LaTeX Font Info:    Trying to load font information for OT1+zplm on input line 
2.

(C:\Users\liula\AppData\Local\Programs\MiKTeX\tex/latex/psnfss\ot1zplm.fd
File: ot1zplm.fd 2002/09/08 Fontinst v1.914 font definitions for OT1/zplm.
))
\tf@toc=\write5
\openout5 = `Report.toc'.



[2



]) (Introduction.tex

Package amsfonts Warning: Obsolete command \bold; \mathbf should be used instea
d on input line 12.


Underfull \hbox (badness 10000) in paragraph at lines 3--13

 []


Underfull \hbox (badness 10000) in paragraph at lines 3--13

 []

LaTeX Font Info:    Trying to load font information for TS1+ppl on input line 2
4.
(C:\Users\liula\AppData\Local\Programs\MiKTeX\tex/latex/psnfss\ts1ppl.fd
File: ts1ppl.fd 2001/06/04 font definitions for TS1/ppl.
)
LaTeX Font Info:    Trying to load font information for U+fplmbb on input line 
24.

(C:\Users\liula\AppData\Local\Programs\MiKTeX\tex/latex/psnfss\ufplmbb.fd
File: ufplmbb.fd 2003/10/30 Fontinst v1.914 font definitions for U/fplmbb.
)

[1



]
Overfull \hbox (11.17085pt too wide) in paragraph at lines 26--27
\OT1/ppl/m/n/10.95 as hav-ing a non-degenerate base-point. In par-tic-u-lar, CW
-complexes are well-pointed.
 []



[2]) (Part 2.tex
Underfull \hbox (badness 10000) in paragraph at lines 12--25

 []


Underfull \hbox (badness 10000) in paragraph at lines 12--25

 []



[3]

[4]
Overfull \hbox (27.60962pt too wide) detected at line 49
[]\OT1/zplm/m/n/10.95 (\OML/zplm/m/it/10.95 P[] \OMS/zplm/m/n/10.95 ! \OML/zplm
/m/it/10.95 Z \OMS/zplm/m/n/10.95   \OML/zplm/m/it/10.95 P[]\OT1/zplm/m/n/10.95
 ) = \OMS/zplm/m/n/10.95 f\OT1/zplm/m/n/10.95 ((\OML/zplm/m/it/10.95 x\OT1/ppl/
m/n/10.95 , \OML/zplm/m/it/10.95 ^^M[]\OT1/zplm/m/n/10.95 )\OT1/ppl/m/n/10.95 ,
 \OT1/zplm/m/n/10.95 (\OML/zplm/m/it/10.95 y\OT1/ppl/m/n/10.95 , \OML/zplm/m/it
/10.95 ^^M[]\OT1/zplm/m/n/10.95 )) \OMS/zplm/m/n/10.95 2 \OML/zplm/m/it/10.95 P
[] \OMS/zplm/m/n/10.95 ^^B \OML/zplm/m/it/10.95 P[] \OMS/zplm/m/n/10.95 j \OML/
zplm/m/it/10.95 ^^M[]\OT1/zplm/m/n/10.95 (\OT1/ppl/m/n/10.95 0\OT1/zplm/m/n/10.
95 ) = \OML/zplm/m/it/10.95 f\OT1/zplm/m/n/10.95 (\OML/zplm/m/it/10.95 x\OT1/zp
lm/m/n/10.95 )\OT1/ppl/m/n/10.95 , \OML/zplm/m/it/10.95 ^^M[]\OT1/zplm/m/n/10.9
5 (\OT1/ppl/m/n/10.95 0\OT1/zplm/m/n/10.95 ) = \OML/zplm/m/it/10.95 g\OT1/zplm/
m/n/10.95 (\OML/zplm/m/it/10.95 y\OT1/zplm/m/n/10.95 )\OT1/ppl/m/n/10.95 , \OML
/zplm/m/it/10.95 ^^M[]\OT1/zplm/m/n/10.95 (\OT1/ppl/m/n/10.95 1\OT1/zplm/m/n/10
.95 ) = \OML/zplm/m/it/10.95 ^^M[]\OT1/zplm/m/n/10.95 (\OT1/ppl/m/n/10.95 1\OT1
/zplm/m/n/10.95 )\OMS/zplm/m/n/10.95 g
 []


Overfull \hbox (2.71725pt too wide) in paragraph at lines 49--50
\OT1/ppl/m/n/10.95 The ev-i-dent in-verse of the given map is then $\OT1/zplm/m
/n/10.95 (\OML/zplm/m/it/10.95 x\OT1/ppl/m/n/10.95 , \OML/zplm/m/it/10.95 ^^M\O
T1/ppl/m/n/10.95 , \OML/zplm/m/it/10.95 y\OT1/zplm/m/n/10.95 ) \OMS/zplm/m/n/10
.95 7! \OT1/zplm/m/n/10.95 ((\OML/zplm/m/it/10.95 x\OT1/ppl/m/n/10.95 , \OML/zp
lm/m/it/10.95 ^^M\OMS/zplm/m/n/10.95 j[]\OT1/zplm/m/n/10.95 )\OT1/ppl/m/n/10.95
 , \OT1/zplm/m/n/10.95 (\OML/zplm/m/it/10.95 y\OT1/ppl/m/n/10.95 , \OML/zplm/m/
it/10.95 ^^M[]\OT1/zplm/m/n/10.95 ))$\OT1/ppl/m/n/10.95 . [[]]
 []


Underfull \hbox (badness 10000) in paragraph at lines 57--71

 []


Underfull \hbox (badness 10000) in paragraph at lines 57--71

 []



[5]

[6]
Underfull \hbox (badness 10000) in paragraph at lines 119--137

 []


Underfull \hbox (badness 10000) in paragraph at lines 119--137

 []


Overfull \hbox (61.19412pt too wide) detected at line 139
[]\OT1/zplm/m/n/10.95 (\OML/zplm/m/it/10.95 C[] \OMS/zplm/m/n/10.95 ! \OML/zplm
/m/it/10.95 C[] \OMS/zplm/m/n/10.95   \OML/zplm/m/it/10.95 C[]\OT1/zplm/m/n/10.
95 ) = []
 []



[7]
Overfull \hbox (73.6089pt too wide) detected at line 139
[]\OT1/zplm/m/n/10.95 (\OML/zplm/m/it/10.95 R[] \OMS/zplm/m/n/10.95 ! \OML/zplm
/m/it/10.95 R[] \OMS/zplm/m/n/10.95   \OML/zplm/m/it/10.95 R[]\OT1/zplm/m/n/10.
95 ) = []
 []


Underfull \hbox (badness 10000) in paragraph at lines 143--162

 []


Underfull \hbox (badness 10000) in paragraph at lines 143--162

 []


Underfull \hbox (badness 10000) in paragraph at lines 165--184

 []


Underfull \hbox (badness 10000) in paragraph at lines 165--184

 []



[8]
Underfull \hbox (badness 10000) in paragraph at lines 185--203

 []


Underfull \hbox (badness 10000) in paragraph at lines 185--203

 []


Overfull \hbox (53.49986pt too wide) detected at line 207
[]
 []


Underfull \hbox (badness 10000) in paragraph at lines 214--226

 []


Underfull \hbox (badness 10000) in paragraph at lines 214--226

 []



[9]
Underfull \hbox (badness 10000) in paragraph at lines 228--247

 []


Underfull \hbox (badness 10000) in paragraph at lines 228--247

 []



[10]
Underfull \hbox (badness 10000) in paragraph at lines 267--277

 []


Underfull \hbox (badness 10000) in paragraph at lines 267--277

 []


Underfull \hbox (badness 10000) in paragraph at lines 281--290

 []


Underfull \hbox (badness 10000) in paragraph at lines 281--290

 []


Underfull \hbox (badness 10000) in paragraph at lines 295--304

 []


Underfull \hbox (badness 10000) in paragraph at lines 295--304

 []



[11]
Underfull \hbox (badness 10000) in paragraph at lines 315--325

 []


Underfull \hbox (badness 10000) in paragraph at lines 315--325

 []


Underfull \hbox (badness 10000) in paragraph at lines 326--335

 []


Underfull \hbox (badness 10000) in paragraph at lines 326--335

 []


Overfull \hbox (16.08623pt too wide) in paragraph at lines 342--343
[]\OT1/ppl/m/n/10.95 In the two def-i-ni-tions, I con-sid-ered ho-mo-topy com-m
u-ta-tive square to be ho-mo-topy pushouts
 []



[12]
Underfull \hbox (badness 10000) in paragraph at lines 344--354

 []


Underfull \hbox (badness 10000) in paragraph at lines 344--354

 []


Underfull \hbox (badness 10000) in paragraph at lines 355--365

 []


Underfull \hbox (badness 10000) in paragraph at lines 355--365

 []


Underfull \hbox (badness 10000) in paragraph at lines 366--377

 []


Underfull \hbox (badness 10000) in paragraph at lines 366--377

 []


Underfull \hbox (badness 10000) in paragraph at lines 383--392

 []


Underfull \hbox (badness 10000) in paragraph at lines 383--392

 []



[13]
Underfull \hbox (badness 10000) in paragraph at lines 394--424

 []


Underfull \hbox (badness 10000) in paragraph at lines 394--424

 []


Underfull \hbox (badness 10000) in paragraph at lines 394--424

 []


Underfull \hbox (badness 10000) in paragraph at lines 394--424

 []



[14]
Underfull \hbox (badness 10000) in paragraph at lines 431--445

 []


Underfull \hbox (badness 10000) in paragraph at lines 431--445

 []


Underfull \hbox (badness 10000) in paragraph at lines 445--462

 []


Underfull \hbox (badness 10000) in paragraph at lines 445--462

 []


Underfull \hbox (badness 10000) in paragraph at lines 467--480

 []


Underfull \hbox (badness 10000) in paragraph at lines 467--480

 []



[15]
Underfull \hbox (badness 10000) in paragraph at lines 481--491

 []


Underfull \hbox (badness 10000) in paragraph at lines 481--491

 []


Underfull \hbox (badness 10000) in paragraph at lines 496--506

 []


Underfull \hbox (badness 10000) in paragraph at lines 496--506

 []


Overfull \hbox (1.20163pt too wide) in paragraph at lines 496--506
\OT1/ppl/m/n/10.95 Since $\OML/zplm/m/it/10.95 Y \OMS/zplm/m/n/10.95 ! \OML/zpl
m/m/it/10.95 Z$ \OT1/ppl/m/n/10.95 is a weak equiv-a-lence and $\OML/zplm/m/it/
10.95 P[] \OMS/zplm/m/n/10.95 ! \OML/zplm/m/it/10.95 Z$ \OT1/ppl/m/n/10.95 is a
 fi-bra-tion, []7.19[] im-plies that $[]\OT1/zplm/m/n/10.95 (\OML/zplm/m/it/10.
95 X \OMS/zplm/m/n/10.95 !
 []


Underfull \hbox (badness 10000) in paragraph at lines 511--521

 []


Underfull \hbox (badness 10000) in paragraph at lines 511--521

 []



[16]
Underfull \hbox (badness 10000) in paragraph at lines 522--531

 []


Underfull \hbox (badness 10000) in paragraph at lines 522--531

 []


Underfull \hbox (badness 10000) in paragraph at lines 533--553

 []


Underfull \hbox (badness 10000) in paragraph at lines 533--553

 []


Underfull \hbox (badness 10000) in paragraph at lines 560--599

 []


Underfull \hbox (badness 10000) in paragraph at lines 560--599

 []


Underfull \hbox (badness 10000) in paragraph at lines 560--599

 []


Underfull \hbox (badness 10000) in paragraph at lines 560--599

 []


Underfull \hbox (badness 10000) in paragraph at lines 560--599

 []


Underfull \hbox (badness 10000) in paragraph at lines 560--599

 []



[17]
Underfull \hbox (badness 10000) in paragraph at lines 603--622

 []


Underfull \hbox (badness 10000) in paragraph at lines 603--622

 []


Underfull \hbox (badness 10000) in paragraph at lines 603--622

 []


Underfull \hbox (badness 10000) in paragraph at lines 622--649

 []


Underfull \hbox (badness 10000) in paragraph at lines 622--649

 []


Underfull \hbox (badness 10000) in paragraph at lines 622--649

 []


Underfull \hbox (badness 10000) in paragraph at lines 622--649

 []



[18]

[19]
Underfull \hbox (badness 10000) in paragraph at lines 668--678

 []


Underfull \hbox (badness 10000) in paragraph at lines 668--678

 []


Underfull \hbox (badness 10000) in paragraph at lines 683--694

 []


Underfull \hbox (badness 10000) in paragraph at lines 683--694

 []


Underfull \hbox (badness 10000) in paragraph at lines 694--703

 []


Underfull \hbox (badness 10000) in paragraph at lines 694--703

 []



[20]
Underfull \hbox (badness 10000) in paragraph at lines 705--723

 []


Underfull \hbox (badness 10000) in paragraph at lines 705--723

 []


Underfull \hbox (badness 10000) in paragraph at lines 705--723

 []


Underfull \hbox (badness 10000) in paragraph at lines 705--723

 []


Underfull \hbox (badness 10000) in paragraph at lines 723--732

 []


Underfull \hbox (badness 10000) in paragraph at lines 723--732

 []



[21]
Underfull \hbox (badness 10000) in paragraph at lines 738--747

 []


Underfull \hbox (badness 10000) in paragraph at lines 738--747

 []


Underfull \hbox (badness 10000) in paragraph at lines 749--759

 []


Underfull \hbox (badness 10000) in paragraph at lines 749--759

 []



[22]
Underfull \hbox (badness 10000) in paragraph at lines 768--778

 []


Underfull \hbox (badness 10000) in paragraph at lines 768--778

 []


Underfull \hbox (badness 10000) in paragraph at lines 788--797

 []


Underfull \hbox (badness 10000) in paragraph at lines 788--797

 []



[23]

[24]
Underfull \hbox (badness 10000) in paragraph at lines 835--845

 []


Underfull \hbox (badness 10000) in paragraph at lines 835--845

 []



[25]
Underfull \hbox (badness 10000) in paragraph at lines 853--863

 []


Underfull \hbox (badness 10000) in paragraph at lines 853--863

 []


Underfull \hbox (badness 10000) in paragraph at lines 871--890

 []


Underfull \hbox (badness 10000) in paragraph at lines 871--890

 []


Underfull \hbox (badness 10000) in paragraph at lines 871--890

 []


Underfull \hbox (badness 10000) in paragraph at lines 871--890

 []



[26]
Underfull \hbox (badness 10000) in paragraph at lines 908--918

 []


Underfull \hbox (badness 10000) in paragraph at lines 908--918

 []


Underfull \hbox (badness 10000) in paragraph at lines 920--944

 []


Underfull \hbox (badness 10000) in paragraph at lines 920--944

 []


Underfull \hbox (badness 10000) in paragraph at lines 920--944

 []


Underfull \hbox (badness 10000) in paragraph at lines 920--944

 []


Underfull \hbox (badness 10000) in paragraph at lines 945--1036

 []


Underfull \hbox (badness 10000) in paragraph at lines 945--1036

 []


Underfull \hbox (badness 10000) in paragraph at lines 945--1036

 []


Underfull \hbox (badness 10000) in paragraph at lines 945--1036

 []


Underfull \hbox (badness 10000) in paragraph at lines 945--1036

 []


Underfull \hbox (badness 10000) in paragraph at lines 945--1036

 []


Underfull \hbox (badness 10000) in paragraph at lines 945--1036

 []


Underfull \hbox (badness 10000) in paragraph at lines 945--1036

 []



[27]
Underfull \hbox (badness 10000) in paragraph at lines 1036--1047

 []


Underfull \hbox (badness 10000) in paragraph at lines 1036--1047

 []



[28]
Underfull \hbox (badness 10000) in paragraph at lines 1070--1089

 []


Underfull \hbox (badness 10000) in paragraph at lines 1070--1089

 []


Underfull \hbox (badness 10000) in paragraph at lines 1070--1089

 []


Underfull \hbox (badness 10000) in paragraph at lines 1070--1089

 []


Underfull \hbox (badness 10000) in paragraph at lines 1090--1124

 []


Underfull \hbox (badness 10000) in paragraph at lines 1090--1124

 []


Underfull \hbox (badness 10000) in paragraph at lines 1090--1124

 []


Underfull \hbox (badness 10000) in paragraph at lines 1090--1124

 []


Underfull \hbox (badness 10000) in paragraph at lines 1090--1124

 []


Underfull \hbox (badness 10000) in paragraph at lines 1090--1124

 []


Underfull \hbox (badness 10000) in paragraph at lines 1090--1124

 []


Underfull \hbox (badness 10000) in paragraph at lines 1090--1124

 []



[29]

[30]
Underfull \hbox (badness 10000) in paragraph at lines 1153--1169

 []


Underfull \hbox (badness 10000) in paragraph at lines 1153--1169

 []


Underfull \hbox (badness 10000) in paragraph at lines 1153--1169

 []


Underfull \hbox (badness 10000) in paragraph at lines 1153--1169

 []



[31]

[32]
Overfull \hbox (20.60893pt too wide) in paragraph at lines 1188--1189
[]\OT1/ppl/m/it/10.95 For any wedge sum $\OML/zplm/m/it/10.95 X \OT1/zplm/m/n/1
0.95 = [][] \OML/zplm/m/it/10.95 X[]$\OT1/ppl/m/it/10.95 , the in-clu-sion maps
 in-duces an iso-mor-phism $[][] \OML/zplm/m/it/10.95 H[]\OT1/zplm/m/n/10.95 (\
OML/zplm/m/it/10.95 X[]\OT1/zplm/m/n/10.95 ) []
 []


Underfull \hbox (badness 10000) in paragraph at lines 1197--1239

 []


Underfull \hbox (badness 10000) in paragraph at lines 1197--1239

 []


Underfull \hbox (badness 10000) in paragraph at lines 1197--1239

 []


Underfull \hbox (badness 10000) in paragraph at lines 1197--1239

 []


Underfull \hbox (badness 10000) in paragraph at lines 1197--1239

 []


Underfull \hbox (badness 10000) in paragraph at lines 1197--1239

 []


Underfull \hbox (badness 10000) in paragraph at lines 1197--1239

 []


Underfull \hbox (badness 10000) in paragraph at lines 1197--1239

 []


Underfull \hbox (badness 10000) in paragraph at lines 1197--1239

 []


Underfull \hbox (badness 10000) in paragraph at lines 1197--1239

 []



[33]
Underfull \hbox (badness 10000) in paragraph at lines 1241--1249

 []


Underfull \hbox (badness 10000) in paragraph at lines 1241--1249

 []


Underfull \hbox (badness 10000) in paragraph at lines 1250--1273

 []


Underfull \hbox (badness 10000) in paragraph at lines 1250--1273

 []


Underfull \hbox (badness 10000) in paragraph at lines 1250--1273

 []


Underfull \hbox (badness 10000) in paragraph at lines 1250--1273

 []



[34]
Underfull \hbox (badness 10000) in paragraph at lines 1274--1284

 []


Underfull \hbox (badness 10000) in paragraph at lines 1274--1284

 []


Underfull \hbox (badness 10000) in paragraph at lines 1287--1350

 []


Underfull \hbox (badness 10000) in paragraph at lines 1287--1350

 []


Underfull \hbox (badness 10000) in paragraph at lines 1287--1350

 []


Underfull \hbox (badness 10000) in paragraph at lines 1287--1350

 []


Underfull \hbox (badness 10000) in paragraph at lines 1287--1350

 []


Underfull \hbox (badness 10000) in paragraph at lines 1287--1350

 []


Underfull \hbox (badness 10000) in paragraph at lines 1287--1350

 []


Underfull \hbox (badness 10000) in paragraph at lines 1287--1350

 []


Overfull \hbox (16.98372pt too wide) in paragraph at lines 1287--1350
\OT1/ppl/m/n/10.95 The five lemma im-plies iso-mor-phisms $\OML/zplm/m/it/10.95
 ^^Y[]\OT1/zplm/m/n/10.95 (\OML/zplm/m/it/10.95 F\OT1/zplm/m/n/10.95 (\OML/zplm
/m/it/10.95 X[] \OMS/zplm/m/n/10.95 _ \OML/zplm/m/it/10.95 X[]\OT1/zplm/m/n/10.
95 )) [] \OML/zplm/m/it/10.95 ^^Y[]\OT1/zplm/m/n/10.95 (\OML/zplm/m/it/10.95 F\
OT1/zplm/m/n/10.95 (\OML/zplm/m/it/10.95 X[]\OT1/zplm/m/n/10.95 ) \OMS/zplm/m/n
/10.95 ^^B \OML/zplm/m/it/10.95 F\OT1/zplm/m/n/10.95 (\OML/zplm/m/it/10.95 X[]\
OT1/zplm/m/n/10.95 )) [] \OML/zplm/m/it/10.95 ^^Y[]\OT1/zplm/m/n/10.95 (\OML/zp
lm/m/it/10.95 F\OT1/zplm/m/n/10.95 (\OML/zplm/m/it/10.95 X[]\OT1/zplm/m/n/10.95
 )) \OMS/zplm/m/n/10.95 ^^B
 []



[35]

[36]
Overfull \hbox (3.11809pt too wide) in paragraph at lines 1367--1367
[]\OT1/ppl/m/it/10.95 In any case, post com-pos-ing with the ho-mo-topy groups 
give a re-duced ho-mol-ogy the-ory $\OML/zplm/m/it/10.95 ^^Y[]\OT1/zplm/m/n/10.
95 (\OML/zplm/m/it/10.95 SP\OT1/zplm/m/n/10.95 (\OMS/zplm/m/n/10.95 ^^@\OT1/zpl
m/m/n/10.95 ))$
 []


Underfull \hbox (badness 10000) in paragraph at lines 1369--1388

 []


Underfull \hbox (badness 10000) in paragraph at lines 1369--1388

 []


Underfull \hbox (badness 10000) in paragraph at lines 1369--1388

 []


Underfull \hbox (badness 10000) in paragraph at lines 1369--1388

 []



[37]
Underfull \hbox (badness 10000) in paragraph at lines 1400--1428

 []


Underfull \hbox (badness 10000) in paragraph at lines 1400--1428

 []


Underfull \hbox (badness 10000) in paragraph at lines 1400--1428

 []


Underfull \hbox (badness 10000) in paragraph at lines 1400--1428

 []


Underfull \hbox (badness 10000) in paragraph at lines 1400--1428

 []


Underfull \hbox (badness 10000) in paragraph at lines 1400--1428

 []


Overfull \hbox (11.50786pt too wide) in paragraph at lines 1400--1428
\OT1/ppl/m/n/10.95 is $\OT1/zplm/m/n/10.95 (\OML/zplm/m/it/10.95 n \OMS/zplm/m/
n/10.95 ^^@ \OT1/ppl/m/n/10.95 3\OT1/zplm/m/n/10.95 )$\OT1/ppl/m/n/10.95 -carte
sian. By 8.5.5 [[]], ho-mo-topy col-im-its com-mute with ho-mo-topy pushouts
 []



[38]

[39]) (Conclusion.tex)

[40] (Report.bbl
Underfull \hbox (badness 6428) in paragraph at lines 36--40
[]\OT1/ppl/m/n/10.95 Daniel Dug-gar.  A primer on ho-mo-topy col-im-its.  Avail
-able at:
 []


Overfull \hbox (7.00957pt too wide) in paragraph at lines 77--80
[]\OT1/ppl/m/n/10.95 Jacob Lurie.  Higher al-ge-bra.  https://www.math.ias.edu/
 lurie/papers/HA.pdf,
 []



[41]
Underfull \hbox (badness 10000) in paragraph at lines 97--101
[]\OT1/ppl/m/n/10.95 Neil Strict-land.  The cat-e-gory of cgwh spaces.  Avail-a
ble at:
 []

) (Appendix.tex
Underfull \hbox (badness 10000) in paragraph at lines 3--17

 []


Underfull \hbox (badness 10000) in paragraph at lines 3--17

 []


Underfull \hbox (badness 10000) in paragraph at lines 17--27

 []


Underfull \hbox (badness 10000) in paragraph at lines 17--27

 []


Underfull \hbox (badness 10000) in paragraph at lines 28--38

 []


Underfull \hbox (badness 10000) in paragraph at lines 28--38

 []



[42]
Underfull \hbox (badness 10000) in paragraph at lines 52--64

 []


Underfull \hbox (badness 10000) in paragraph at lines 52--64

 []


Underfull \hbox (badness 10000) in paragraph at lines 68--75

 []


Underfull \hbox (badness 10000) in paragraph at lines 68--75

 []



[43]
Overfull \hbox (8.45485pt too wide) in paragraph at lines 117--118
[]\OT1/ppl/m/n/10.95 In par-tic-u-lar, ev-ery map is $\OT1/zplm/m/n/10.95 (\OMS
/zplm/m/n/10.95 ^^@\OT1/ppl/m/n/10.95 1\OT1/zplm/m/n/10.95 )$\OT1/ppl/m/n/10.95
 -connected since ev-ery non-empty space is $\OT1/zplm/m/n/10.95 (\OMS/zplm/m/n
/10.95 ^^@\OT1/ppl/m/n/10.95 1\OT1/zplm/m/n/10.95 )$\OT1/ppl/m/n/10.95 -connect
ed. 
 []



[44]
Underfull \hbox (badness 10000) in paragraph at lines 136--146

 []


Underfull \hbox (badness 10000) in paragraph at lines 136--146

 []


Underfull \hbox (badness 10000) in paragraph at lines 164--165

 []


Underfull \hbox (badness 10000) in paragraph at lines 164--165

 []



[45]
Underfull \hbox (badness 10000) in paragraph at lines 166--176

 []


Underfull \hbox (badness 10000) in paragraph at lines 166--176

 []


Underfull \hbox (badness 10000) in paragraph at lines 180--200

 []


Underfull \hbox (badness 10000) in paragraph at lines 180--200

 []


Underfull \hbox (badness 10000) in paragraph at lines 180--200

 []


Underfull \hbox (badness 10000) in paragraph at lines 204--214

 []


Underfull \hbox (badness 10000) in paragraph at lines 204--214

 []



[46]
Underfull \hbox (badness 10000) in paragraph at lines 220--231

 []


Underfull \hbox (badness 10000) in paragraph at lines 220--231

 []


Underfull \hbox (badness 10000) in paragraph at lines 235--246

 []


Underfull \hbox (badness 10000) in paragraph at lines 235--246

 []


Underfull \hbox (badness 10000) in paragraph at lines 250--259

 []


Underfull \hbox (badness 10000) in paragraph at lines 250--259

 []



[47]

[48]

[49]

[50]

[51]

[52]

[53]
Underfull \hbox (badness 10000) in paragraph at lines 379--393

 []


Underfull \hbox (badness 10000) in paragraph at lines 379--393

 []



[54])

[55] (Report.aux (titlepage.aux) (contents.aux))
 ***********
LaTeX2e <2024-11-01> patch level 1
L3 programming layer <2024-12-09>
 ***********
Package rerunfilecheck Info: File `Report.out' has not changed.
(rerunfilecheck)             Checksum: B7EC71992D50EF9B7E9EBC7B08D6BDB5;4878.
 ) 
Here is how much of TeX's memory you used:
 30409 strings out of 473577
 606748 string characters out of 5716318
 967545 words of memory out of 5000000
 52879 multiletter control sequences out of 15000+600000
 585526 words of font info for 115 fonts, out of 8000000 for 9000
 1141 hyphenation exceptions out of 8191
 103i,18n,110p,1447b,1245s stack positions out of 10000i,1000n,20000p,200000b,200000s
<C:/Users/liula/AppData/Local/Programs/MiKTeX/fonts/type1/public/amsfonts/cm/
cmex10.pfb><C:/Users/liula/AppData/Local/Programs/MiKTeX/fonts/type1/public/ams
fonts/cm/cmmi10.pfb><C:/Users/liula/AppData/Local/Programs/MiKTeX/fonts/type1/p
ublic/amsfonts/cm/cmr10.pfb><C:/Users/liula/AppData/Local/Programs/MiKTeX/fonts
/type1/public/amsfonts/cm/cmsy10.pfb><C:/Users/liula/AppData/Local/Programs/MiK
TeX/fonts/type1/public/mathpazo/fplmbb.pfb><C:/Users/liula/AppData/Local/Progra
ms/MiKTeX/fonts/type1/public/mathpazo/fplmr.pfb><C:/Users/liula/AppData/Local/P
rograms/MiKTeX/fonts/type1/public/mathpazo/fplmri.pfb><C:/Users/liula/AppData/L
ocal/Programs/MiKTeX/fonts/type1/urw/palatino/uplb8a.pfb><C:/Users/liula/AppDat
a/Local/Programs/MiKTeX/fonts/type1/urw/palatino/uplr8a.pfb><C:/Users/liula/App
Data/Local/Programs/MiKTeX/fonts/type1/urw/palatino/uplri8a.pfb>
Output written on Report.pdf (57 pages, 622926 bytes).
PDF statistics:
 750 PDF objects out of 1000 (max. 8388607)
 195 named destinations out of 1000 (max. 500000)
 207 words of extra memory for PDF output out of 10000 (max. 10000000)

