\BOOKMARK [1][-]{section.1}{\376\377\000F\000r\000e\000e\000\040\000G\000r\000o\000u\000p\000s\000\040\000a\000n\000d\000\040\000F\000r\000e\000e\000\040\000P\000r\000o\000d\000u\000c\000t\000\040\000o\000f\000\040\000G\000r\000o\000u\000p\000s}{}% 1
\BOOKMARK [2][-]{subsection.1.1}{\376\377\000F\000r\000e\000e\000\040\000G\000r\000o\000u\000p\000s}{section.1}% 2
\BOOKMARK [2][-]{subsection.1.2}{\376\377\000F\000r\000e\000e\000\040\000P\000r\000o\000d\000u\000c\000t\000s\000\040\000o\000f\000\040\000G\000r\000o\000u\000p\000s}{section.1}% 3
\BOOKMARK [2][-]{subsection.1.3}{\376\377\000N\000o\000r\000m\000a\000l\000\040\000C\000l\000o\000s\000u\000r\000e}{section.1}% 4
\BOOKMARK [2][-]{subsection.1.4}{\376\377\000P\000r\000e\000s\000e\000n\000t\000a\000t\000i\000o\000n\000s\000\040\000o\000f\000\040\000a\000\040\000G\000r\000o\000u\000p}{section.1}% 5
\BOOKMARK [2][-]{subsection.1.5}{\376\377\000A\000m\000a\000l\000g\000a\000m\000a\000t\000e\000d\000\040\000P\000r\000o\000d\000u\000c\000t\000s}{section.1}% 6
\BOOKMARK [2][-]{subsection.1.6}{\376\377\000F\000i\000n\000i\000t\000e\000l\000y\000\040\000G\000e\000n\000e\000r\000a\000t\000e\000d\000\040\000G\000r\000o\000u\000p\000s}{section.1}% 7
\BOOKMARK [1][-]{section.2}{\376\377\000M\000o\000r\000e\000\040\000T\000y\000p\000e\000s\000\040\000o\000f\000\040\000G\000r\000o\000u\000p\000s}{}% 8
\BOOKMARK [2][-]{subsection.2.1}{\376\377\000T\000o\000r\000s\000i\000o\000n\000\040\000a\000n\000d\000\040\000T\000o\000r\000s\000i\000o\000n\000-\000F\000r\000e\000e\000\040\000G\000r\000o\000u\000p\000s}{section.2}% 9
\BOOKMARK [2][-]{subsection.2.2}{\376\377\000p\000-\000g\000r\000o\000u\000p\000s}{section.2}% 10
\BOOKMARK [2][-]{subsection.2.3}{\376\377\000S\000i\000m\000p\000l\000e\000\040\000G\000r\000o\000u\000p\000s}{section.2}% 11
\BOOKMARK [2][-]{subsection.2.4}{\376\377\000A\000b\000e\000l\000i\000a\000n\000i\000z\000a\000t\000i\000o\000n\000\040\000a\000n\000d\000\040\000C\000o\000m\000m\000u\000t\000a\000t\000o\000r\000s}{section.2}% 12
\BOOKMARK [1][-]{section.3}{\376\377\000F\000r\000e\000e\000\040\000A\000b\000e\000l\000i\000a\000n\000\040\000G\000r\000o\000u\000p\000s}{}% 13
\BOOKMARK [2][-]{subsection.3.1}{\376\377\000D\000i\000r\000e\000c\000t\000\040\000S\000u\000m\000s\000\040\000o\000f\000\040\000A\000b\000e\000l\000i\000a\000n\000\040\000G\000r\000o\000u\000p\000s}{section.3}% 14
\BOOKMARK [2][-]{subsection.3.2}{\376\377\000F\000r\000e\000e\000\040\000A\000b\000e\000l\000i\000a\000n\000\040\000G\000r\000o\000u\000p\000s}{section.3}% 15
\BOOKMARK [1][-]{section.4}{\376\377\000F\000i\000n\000i\000t\000e\000\040\000a\000n\000d\000\040\000F\000i\000n\000i\000t\000e\000l\000y\000\040\000G\000e\000n\000e\000r\000a\000t\000e\000d\000\040\000A\000b\000e\000l\000i\000a\000n\000\040\000G\000r\000o\000u\000p\000s}{}% 16
\BOOKMARK [2][-]{subsection.4.1}{\376\377\000F\000i\000n\000i\000t\000e\000\040\000A\000b\000e\000l\000i\000a\000n\000\040\000G\000r\000o\000u\000p\000s}{section.4}% 17
\BOOKMARK [2][-]{subsection.4.2}{\376\377\000F\000i\000n\000i\000t\000e\000l\000y\000\040\000G\000e\000n\000e\000r\000a\000t\000e\000d\000\040\000A\000b\000e\000l\000i\000a\000n\000\040\000G\000r\000o\000u\000p\000s}{section.4}% 18
\BOOKMARK [2][-]{subsection.4.3}{\376\377\000U\000n\000i\000m\000o\000d\000u\000l\000a\000r\000\040\000S\000m\000i\000t\000h\000\040\000N\000o\000r\000m\000a\000l\000\040\000F\000o\000r\000m}{section.4}% 19
\BOOKMARK [1][-]{section.5}{\376\377\000T\000h\000e\000\040\000S\000y\000l\000o\000w\000\040\000T\000h\000e\000o\000r\000e\000m\000s\000\040\000a\000n\000d\000\040\000i\000t\000s\000\040\000C\000o\000n\000s\000e\000q\000u\000e\000n\000c\000e\000s}{}% 20
\BOOKMARK [2][-]{subsection.5.1}{\376\377\000T\000h\000e\000\040\000F\000o\000u\000r\000\040\000S\000y\000l\000o\000w\000\040\000T\000h\000e\000o\000r\000e\000m\000s}{section.5}% 21
\BOOKMARK [2][-]{subsection.5.2}{\376\377\000C\000o\000n\000s\000e\000q\000u\000e\000n\000c\000e\000s\000\040\000o\000f\000\040\000t\000h\000e\000\040\000S\000y\000l\000o\000w\000\040\000T\000h\000e\000o\000r\000e\000m\000s}{section.5}% 22
\BOOKMARK [2][-]{subsection.5.3}{\376\377\000S\000i\000m\000p\000l\000i\000c\000i\000t\000y\000\040\000o\000f\000\040\000A\000n\000\040\000f\000o\000r\000\040\000n\0005}{section.5}% 23
\BOOKMARK [1][-]{section.6}{\376\377\000C\000l\000a\000s\000s\000i\000f\000i\000c\000a\000t\000i\000o\000n\000\040\000o\000f\000\040\000G\000r\000o\000u\000p\000s\000\040\000o\000f\000\040\000O\000r\000d\000e\000r\000\040\000u\000p\000\040\000t\000o\000\040\0001\0006}{}% 24
\BOOKMARK [2][-]{subsection.6.1}{\376\377\000C\000o\000l\000l\000e\000c\000t\000i\000o\000n\000\040\000o\000f\000\040\000U\000s\000e\000f\000u\000l\000\040\000R\000e\000s\000u\000l\000t\000s}{section.6}% 25
\BOOKMARK [2][-]{subsection.6.2}{\376\377\000T\000h\000e\000\040\000D\000i\000h\000e\000d\000r\000a\000l\000\040\000G\000r\000o\000u\000p\000s}{section.6}% 26
\BOOKMARK [2][-]{subsection.6.3}{\376\377\000G\000r\000o\000u\000p\000s\000\040\000o\000f\000\040\000O\000r\000d\000e\000r\000\040\000p\000,\000\040\000p\0002\000,\000\040\0002\000p\000,\000\040\0002\000p\0002}{section.6}% 27
\BOOKMARK [2][-]{subsection.6.4}{\376\377\000G\000r\000o\000u\000p\000s\000\040\000o\000f\000\040\000O\000r\000d\000e\000r\000\040\0004}{section.6}% 28
\BOOKMARK [2][-]{subsection.6.5}{\376\377\000G\000r\000o\000u\000p\000s\000\040\000o\000f\000\040\000O\000r\000d\000e\000r\000\040\0008}{section.6}% 29
\BOOKMARK [2][-]{subsection.6.6}{\376\377\000G\000r\000o\000u\000p\000s\000\040\000o\000f\000\040\000O\000r\000d\000e\000r\000\040\0001\0002}{section.6}% 30
\BOOKMARK [2][-]{subsection.6.7}{\376\377\000U\000n\000i\000q\000u\000e\000\040\000S\000i\000m\000p\000l\000e\000\040\000G\000r\000o\000u\000p\000\040\000o\000f\000\040\000O\000r\000d\000e\000r\000\040\0006\0000}{section.6}% 31
\BOOKMARK [1][-]{section.7}{\376\377\000S\000e\000r\000i\000e\000s\000\040\000o\000f\000\040\000S\000u\000b\000g\000r\000o\000u\000p\000s}{}% 32
\BOOKMARK [2][-]{subsection.7.1}{\376\377\000S\000e\000r\000i\000e\000s\000\040\000o\000f\000\040\000S\000u\000b\000g\000r\000o\000u\000p\000s}{section.7}% 33
\BOOKMARK [2][-]{subsection.7.2}{\376\377\000C\000o\000m\000p\000o\000s\000i\000t\000i\000o\000n\000\040\000S\000e\000r\000i\000e\000s}{section.7}% 34
\BOOKMARK [2][-]{subsection.7.3}{\376\377\000S\000o\000l\000u\000b\000l\000e\000\040\000G\000r\000o\000u\000p\000s\000\040\000a\000n\000d\000\040\000D\000e\000r\000i\000v\000e\000d\000\040\000S\000e\000r\000i\000e\000s}{section.7}% 35
\BOOKMARK [2][-]{subsection.7.4}{\376\377\000N\000i\000l\000p\000o\000t\000e\000n\000t\000\040\000G\000r\000o\000u\000p\000s}{section.7}% 36
