\BOOKMARK [1][-]{section.1}{\376\377\000B\000a\000s\000i\000c\000\040\000M\000o\000d\000u\000l\000e\000\040\000T\000h\000e\000o\000r\000y}{}% 1
\BOOKMARK [2][-]{subsection.1.1}{\376\377\000I\000n\000t\000r\000o\000d\000u\000c\000t\000i\000o\000n\000\040\000t\000o\000\040\000M\000o\000d\000u\000l\000e\000s}{section.1}% 2
\BOOKMARK [2][-]{subsection.1.2}{\376\377\000M\000o\000d\000u\000l\000e\000\040\000H\000o\000m\000o\000m\000o\000r\000p\000h\000i\000s\000m\000s}{section.1}% 3
\BOOKMARK [2][-]{subsection.1.3}{\376\377\000I\000s\000o\000m\000o\000r\000p\000h\000i\000s\000m\000\040\000T\000h\000e\000o\000r\000e\000m\000\040\000f\000o\000r\000\040\000M\000o\000d\000u\000l\000e\000s}{section.1}% 4
\BOOKMARK [2][-]{subsection.1.4}{\376\377\000B\000i\000m\000o\000d\000u\000l\000e\000s}{section.1}% 5
\BOOKMARK [2][-]{subsection.1.5}{\376\377\000R\000i\000n\000g\000s\000\040\000a\000s\000\040\000a\000\040\000M\000o\000d\000u\000l\000e}{section.1}% 6
\BOOKMARK [1][-]{section.2}{\376\377\000C\000o\000n\000s\000t\000r\000u\000c\000t\000i\000n\000g\000\040\000N\000e\000w\000\040\000M\000o\000d\000u\000l\000e\000s}{}% 7
\BOOKMARK [2][-]{subsection.2.1}{\376\377\000D\000i\000r\000e\000c\000t\000\040\000S\000u\000m\000\040\000a\000n\000d\000\040\000P\000r\000o\000d\000u\000c\000t\000s\000\040\000o\000f\000\040\000M\000o\000d\000u\000l\000e\000s}{section.2}% 8
\BOOKMARK [2][-]{subsection.2.2}{\376\377\000T\000h\000e\000\040\000M\000o\000d\000u\000l\000e\000\040\000o\000f\000\040\000H\000o\000m\000o\000m\000o\000r\000p\000h\000i\000s\000m\000s}{section.2}% 9
\BOOKMARK [2][-]{subsection.2.3}{\376\377\000T\000h\000e\000\040\000E\000n\000d\000o\000m\000o\000r\000p\000h\000i\000s\000m\000\040\000R\000i\000n\000g}{section.2}% 10
\BOOKMARK [2][-]{subsection.2.4}{\376\377\000T\000e\000n\000s\000o\000r\000\040\000P\000r\000o\000d\000u\000c\000t\000s\000\040\000o\000f\000\040\000M\000o\000d\000u\000l\000e\000s}{section.2}% 11
\BOOKMARK [2][-]{subsection.2.5}{\376\377\000T\000e\000n\000s\000o\000r\000\040\000P\000r\000o\000d\000u\000c\000t\000s\000\040\000o\000f\000\040\000V\000e\000c\000t\000o\000r\000\040\000S\000p\000a\000c\000e\000s}{section.2}% 12
\BOOKMARK [1][-]{section.3}{\376\377\000S\000o\000m\000e\000\040\000P\000r\000o\000p\000e\000r\000t\000i\000e\000s\000\040\000o\000f\000\040\000M\000o\000d\000u\000l\000e\000s}{}% 13
\BOOKMARK [2][-]{subsection.3.1}{\376\377\000I\000n\000v\000a\000r\000i\000a\000n\000t\000\040\000B\000a\000s\000i\000s\000\040\000N\000u\000m\000b\000e\000r\000\040\000P\000r\000o\000p\000e\000r\000t\000y}{section.3}% 14
\BOOKMARK [2][-]{subsection.3.2}{\376\377\000F\000r\000e\000e\000\040\000M\000o\000d\000u\000l\000e\000s}{section.3}% 15
\BOOKMARK [2][-]{subsection.3.3}{\376\377\000F\000i\000n\000i\000t\000e\000l\000y\000\040\000G\000e\000n\000e\000r\000a\000t\000e\000d\000\040\000M\000o\000d\000u\000l\000e\000s}{section.3}% 16
\BOOKMARK [2][-]{subsection.3.4}{\376\377\000S\000i\000m\000p\000l\000e\000\040\000M\000o\000d\000u\000l\000e\000s}{section.3}% 17
\BOOKMARK [2][-]{subsection.3.5}{\376\377\000S\000e\000m\000i\000s\000i\000m\000p\000l\000e\000\040\000M\000o\000d\000u\000l\000e\000s}{section.3}% 18
\BOOKMARK [2][-]{subsection.3.6}{\376\377\000C\000o\000m\000p\000l\000e\000t\000e\000l\000y\000\040\000R\000e\000d\000u\000c\000i\000b\000l\000e\000\040\000M\000o\000d\000u\000l\000e\000s}{section.3}% 19
\BOOKMARK [1][-]{section.4}{\376\377\000E\000x\000a\000c\000t\000\040\000S\000e\000q\000u\000e\000n\000c\000e\000s\000\040\000o\000f\000\040\000M\000o\000d\000u\000l\000e\000s}{}% 20
\BOOKMARK [2][-]{subsection.4.1}{\376\377\000I\000n\000t\000r\000o\000d\000u\000c\000t\000i\000o\000n\000\040\000t\000o\000\040\000E\000x\000a\000c\000t\000\040\000S\000e\000q\000u\000e\000n\000c\000e\000s}{section.4}% 21
\BOOKMARK [2][-]{subsection.4.2}{\376\377\000S\000p\000l\000i\000t\000\040\000E\000x\000a\000c\000t\000\040\000S\000e\000q\000u\000e\000n\000c\000e\000s}{section.4}% 22
\BOOKMARK [1][-]{section.5}{\376\377\000A\000l\000g\000e\000b\000r\000a\000s\000\040\000o\000v\000e\000r\000\040\000a\000\040\000R\000i\000n\000g}{}% 23
\BOOKMARK [2][-]{subsection.5.1}{\376\377\000A\000s\000s\000o\000c\000i\000a\000t\000i\000v\000e\000\040\000A\000l\000g\000e\000b\000r\000a\000s}{section.5}% 24
\BOOKMARK [2][-]{subsection.5.2}{\376\377\000F\000r\000e\000e\000\040\000A\000l\000g\000e\000b\000r\000a\000s}{section.5}% 25
\BOOKMARK [2][-]{subsection.5.3}{\376\377\000D\000e\000r\000i\000v\000a\000t\000i\000o\000n\000s\000\040\000o\000f\000\040\000A\000l\000g\000e\000b\000r\000a\000s}{section.5}% 26
\BOOKMARK [1][-]{section.6}{\376\377\000S\000p\000e\000c\000i\000a\000l\000\040\000I\000d\000e\000a\000l\000s\000\040\000o\000f\000\040\000a\000\040\000R\000i\000n\000g}{}% 27
\BOOKMARK [2][-]{subsection.6.1}{\376\377\000T\000h\000e\000\040\000R\000a\000d\000i\000c\000a\000l\000\040\000o\000f\000\040\000a\000\040\000M\000o\000d\000u\000l\000e}{section.6}% 28
\BOOKMARK [2][-]{subsection.6.2}{\376\377\000N\000i\000l\000p\000o\000t\000e\000n\000t\000\040\000I\000d\000e\000a\000l\000s}{section.6}% 29
\BOOKMARK [2][-]{subsection.6.3}{\376\377\000T\000h\000e\000\040\000A\000n\000n\000i\000h\000i\000l\000a\000t\000o\000r\000\040\000o\000f\000\040\000a\000n\000\040\000E\000l\000e\000m\000e\000n\000t}{section.6}% 30
\BOOKMARK [2][-]{subsection.6.4}{\376\377\000T\000h\000e\000\040\000J\000a\000c\000o\000b\000s\000o\000n\000\040\000R\000a\000d\000i\000c\000a\000l}{section.6}% 31
\BOOKMARK [1][-]{section.7}{\376\377\000C\000h\000a\000i\000n\000\040\000C\000o\000n\000d\000i\000t\000i\000o\000n\000s}{}% 32
\BOOKMARK [2][-]{subsection.7.1}{\376\377\000N\000o\000e\000t\000h\000e\000r\000i\000a\000n\000\040\000R\000i\000n\000g\000s\000\040\000a\000n\000d\000\040\000M\000o\000d\000u\000l\000e\000s}{section.7}% 33
\BOOKMARK [2][-]{subsection.7.2}{\376\377\000A\000r\000t\000i\000n\000i\000a\000n\000\040\000R\000i\000n\000g\000s\000\040\000a\000n\000d\000\040\000M\000o\000d\000u\000l\000e\000s}{section.7}% 34
\BOOKMARK [2][-]{subsection.7.3}{\376\377\000T\000h\000e\000\040\000L\000e\000n\000g\000t\000h\000\040\000o\000f\000\040\000M\000o\000d\000u\000l\000e\000s}{section.7}% 35
\BOOKMARK [2][-]{subsection.7.4}{\376\377\000C\000o\000m\000p\000o\000s\000i\000t\000i\000o\000n\000\040\000S\000e\000r\000i\000e\000s}{section.7}% 36
\BOOKMARK [1][-]{section.8}{\376\377\000S\000t\000r\000u\000c\000t\000u\000r\000e\000\040\000T\000h\000e\000o\000r\000e\000m\000\040\000f\000o\000r\000\040\000F\000i\000n\000i\000t\000e\000l\000y\000\040\000G\000e\000n\000e\000r\000a\000t\000e\000d\000\040\000M\000o\000d\000u\000l\000e\000s\000\040\000o\000v\000e\000r\000\040\000P\000I\000D\000s}{}% 37
\BOOKMARK [2][-]{subsection.8.1}{\376\377\000T\000o\000r\000s\000i\000o\000n\000\040\000o\000f\000\040\000a\000\040\000M\000o\000d\000u\000l\000e}{section.8}% 38
\BOOKMARK [2][-]{subsection.8.2}{\376\377\000T\000h\000e\000\040\000M\000a\000i\000n\000\040\000T\000h\000e\000o\000r\000e\000m}{section.8}% 39
\BOOKMARK [2][-]{subsection.8.3}{\376\377\000T\000h\000e\000\040\000R\000a\000t\000i\000o\000n\000a\000l\000\040\000C\000a\000n\000o\000n\000i\000c\000a\000l\000\040\000F\000o\000r\000m}{section.8}% 40
\BOOKMARK [1][-]{section.9}{\376\377\000G\000r\000a\000d\000e\000d\000\040\000S\000t\000r\000u\000c\000t\000u\000r\000e\000s}{}% 41
\BOOKMARK [2][-]{subsection.9.1}{\376\377\000G\000r\000a\000d\000e\000d\000\040\000R\000i\000n\000g\000s}{section.9}% 42
\BOOKMARK [2][-]{subsection.9.2}{\376\377\000G\000r\000a\000d\000e\000d\000\040\000M\000o\000d\000u\000l\000e\000s}{section.9}% 43
\BOOKMARK [2][-]{subsection.9.3}{\376\377\000H\000o\000m\000o\000g\000e\000n\000i\000t\000y}{section.9}% 44
\BOOKMARK [2][-]{subsection.9.4}{\376\377\000G\000r\000a\000d\000e\000d\000\040\000A\000l\000g\000e\000b\000r\000a\000s}{section.9}% 45
\BOOKMARK [1][-]{section.10}{\376\377\000T\000e\000n\000s\000o\000r\000\040\000A\000l\000g\000e\000b\000r\000a\000s}{}% 46
\BOOKMARK [2][-]{subsection.10.1}{\376\377\000M\000u\000l\000t\000i\000l\000i\000n\000e\000a\000r\000\040\000M\000a\000p\000s\000\040\000o\000f\000\040\000R\000-\000M\000o\000d\000u\000l\000e\000s}{section.10}% 47
\BOOKMARK [2][-]{subsection.10.2}{\376\377\000T\000e\000n\000s\000o\000r\000\040\000A\000l\000g\000e\000b\000r\000a}{section.10}% 48
\BOOKMARK [2][-]{subsection.10.3}{\376\377\000E\000x\000t\000e\000r\000i\000o\000r\000\040\000A\000l\000g\000e\000b\000r\000a}{section.10}% 49
\BOOKMARK [2][-]{subsection.10.4}{\376\377\000S\000y\000m\000m\000e\000t\000r\000i\000c\000\040\000A\000l\000g\000e\000b\000r\000a}{section.10}% 50
